18
f0
9f
e5
18
f0
9f
e5
18
f0
9f
e5
18
f0
9f
e5
18
f0
9f
e5
18
f0
9f
e5
18
f0
9f
e5
18
f0
9f
e5
9d
64
9c
00
00
00
40
00
00
00
44
00
00
00
48
00
00
00
4c
00
00
00
70
00
00
00
50
00
00
00
6c
00
00
00
4e
bc
e0
00
00
ea
87
00
00
ea
88
00
00
ea
89
00
00
ea
03
00
2d
e9
01
05
a0
e3
00
10
90
e5
01
00
51
e3
9a
88
03
00
bd
e8
e3
00
00
0a
ac
41
00
ea
a3
41
00
ea
82
00
00
ea
44
00
40
00
58
35
00
00
2c
37
40
00
32
22
00
02
00
00
1c
3c
40
00
f0
01
00
00
2c
39
40
00
f0
02
00
00
0c
3e
40
00
f0
01
00
00
df
00
a0
e3
25
0d
00
f0
21
e1
30
00
1f
e5
30
10
1f
e5
00
30
81
e0
00
40
a0
e1
03
d0
a0
e1
84
21
9f
e5
03
00
54
e1
dc
ea
04
20
84
34
fc
ff
ff
3a
d7
00
a0
e3
00
f0
21
e1
5c
00
1f
e5
5c
10
1f
e5
00
30
81
e0
00
40
a0
e1
63
f2
03
d0
a0
e1
58
21
9f
e5
03
00
54
e1
04
20
84
34
fc
ff
ff
3a
db
00
a0
e3
00
f0
21
e1
88
00
1f
e5
f6
17
88
10
1f
e5
00
30
81
e0
00
40
a0
e1
03
d0
a0
e1
2c
21
9f
e5
03
00
54
e1
04
20
84
34
fc
ff
ff
3a
cc
bb
d2
00
a0
e3
00
f0
21
e1
ac
00
1f
e5
ac
10
1f
e5
00
30
81
e0
00
40
a0
e1
03
d0
a0
e1
04
21
9f
e5
f6
08
03
00
54
e1
04
20
84
34
fc
ff
ff
3a
d1
00
a0
e3
00
f0
21
e1
c8
00
1f
e5
c8
10
1f
e5
00
30
81
e0
84
b5
00
40
a0
e1
03
d0
a0
e1
dc
20
9f
e5
03
00
54
e1
04
20
84
34
fc
ff
ff
3a
00
80
a0
e3
00
90
a0
e3
1c
16
00
a0
a0
e3
00
b0
a0
e3
00
c0
a0
e3
d3
00
a0
e3
00
f0
21
e1
10
01
1f
e5
10
11
1f
e5
00
30
81
e0
c7
b0
00
40
a0
e1
03
d0
a0
e1
a0
20
9f
e5
03
00
54
e1
04
20
84
34
fc
ff
ff
3a
0e
00
00
eb
17
00
00
eb
8e
f1
00
00
a0
e3
00
10
a0
e3
00
20
a0
e3
00
30
a0
e3
00
40
a0
e3
00
50
a0
e3
00
60
a0
e3
00
70
a0
e3
b4
d2
00
80
a0
e3
00
90
a0
e3
00
a0
a0
e3
00
b0
a0
e3
00
c0
a0
e3
23
00
00
ea
54
00
9f
e5
54
10
9f
e5
a3
d2
54
20
9f
e5
01
30
a0
e1
02
30
83
e0
03
00
51
e1
04
40
90
34
04
40
81
34
fb
ff
ff
3a
1e
ff
2f
e1
52
8a
38
00
9f
e5
38
10
9f
e5
00
30
81
e0
00
40
a0
e1
00
20
a0
e3
03
00
54
e1
04
20
84
34
fc
ff
ff
3a
67
e7
1e
ff
2f
e1
aa
aa
aa
aa
cc
cc
cc
cc
dd
dd
dd
dd
bb
bb
bb
bb
78
0f
00
00
20
00
40
00
24
00
00
00
6c
6d
44
00
40
00
58
35
00
00
04
f0
1f
e5
d9
03
00
00
04
f0
1f
e5
e1
03
00
00
04
f0
1f
e5
e9
03
00
00
a9
1a
04
f0
1f
e5
f1
03
00
00
47
c0
8f
e2
1c
ff
2f
e1
12
01
12
18
00
e0
02
c0
90
42
fc
d3
70
47
3f
48
da
2c
c1
68
ff
22
12
04
91
43
c1
60
c1
68
15
22
12
04
11
43
c1
60
3a
4a
41
04
8a
63
c2
69
02
23
9a
43
7c
ed
c2
61
00
20
48
60
ff
20
fa
30
08
60
48
6b
40
22
90
43
48
63
70
47
f8
b5
01
22
81
26
76
01
11
00
92
71
90
05
ff
f7
d5
ff
00
20
ff
f7
d9
ff
00
f0
7a
fb
e1
20
40
02
00
f0
a3
f8
2a
4b
2b
49
10
22
00
20
ce
0f
00
f0
0d
fc
27
48
29
4c
81
7b
c0
7b
23
4d
00
02
01
43
20
20
a1
80
28
60
03
20
68
60
00
f0
18
ee
97
8d
23
4f
39
88
21
80
60
88
88
42
05
d2
09
1a
21
4a
09
04
09
0c
10
18
0b
e0
88
42
0e
d9
1e
49
1d
4a
1c
a3
09
1a
09
04
09
0c
10
18
00
f0
de
f9
21
88
19
48
00
f0
da
f9
20
88
60
80
e3
e7
18
48
00
78
00
28
7c
52
df
d1
a0
88
16
49
88
42
db
d0
a0
68
41
1c
a1
60
14
49
88
42
d5
dd
00
27
a7
60
00
f0
e0
ed
2f
60
e3
c4
6f
60
01
22
00
21
90
05
ff
f7
82
ff
00
f0
7a
f8
00
f0
7c
fd
01
28
00
d1
b0
47
f8
bd
40
00
80
00
c0
89
71
07
00
00
44
00
40
00
04
04
00
00
20
00
40
00
38
00
40
00
54
01
40
00
04
20
00
00
2c
00
40
00
66
fe
ff
ff
00
00
50
c3
00
00
01
c0
8f
e2
1c
ff
2f
e1
10
20
00
f0
e2
fb
fe
e7
10
20
00
f0
de
fb
fe
e7
d7
d8
10
20
00
f0
da
fb
fe
e7
10
20
00
f0
d6
fb
fe
e7
10
20
00
f0
d2
fb
fe
e7
3f
50
2d
e9
02
55
a0
e3
7c
1d
48
40
95
e5
20
00
14
e3
02
00
00
1b
48
40
85
e5
3f
50
bd
e8
04
f0
5e
e2
7f
c0
8f
e2
1c
ff
2f
e1
a7
3e
00
20
70
47
fb
4a
05
e0
93
68
db
02
fc
d5
03
78
d3
60
40
1c
49
1e
f7
d2
70
47
70
47
70
47
01
20
cc
24
c0
05
c1
68
49
08
49
00
c1
60
f3
49
f1
48
01
60
f2
49
41
60
c2
21
01
61
00
21
81
61
f0
49
c1
61
23
16
f0
48
01
68
f0
4a
11
40
01
60
02
68
03
21
09
04
0a
43
02
60
02
68
0b
12
1a
43
02
60
42
68
8a
43
76
66
42
60
70
47
01
20
c1
05
c8
60
e6
48
01
68
e6
4a
11
40
01
60
01
68
03
22
11
43
01
60
70
47
f0
b5
8a
ea
dc
48
42
69
42
21
0a
42
e0
49
11
d0
e0
4d
e1
4e
00
27
83
68
9b
02
0b
d5
c3
68
1c
0a
8b
89
ec
54
9f
48
5b
1c
1b
04
1b
0c
b3
42
8b
81
f2
d1
8f
81
f0
e7
42
61
f0
bd
70
b5
d8
4c
a5
44
0c
00
02
2a
23
d3
ec
1c
04
25
69
46
0d
70
0e
25
4d
70
ff
25
8d
70
01
25
cd
70
e0
25
0d
71
fc
25
4d
71
f4
25
8d
71
15
0a
1c
9c
ca
71
0d
72
48
72
8c
72
00
21
94
1e
68
46
05
e0
5d
5c
46
18
49
1c
09
04
09
0c
f5
72
a1
42
f7
db
fd
a5
11
00
09
31
ff
f7
7e
ff
bc
4c
67
34
a5
44
70
bd
7f
b5
04
29
1c
d3
04
24
6b
46
1c
70
0e
24
5c
70
9d
6b
01
24
99
70
dc
70
e0
24
1c
71
fc
24
5c
71
98
71
00
20
0b
1f
6c
46
05
e0
15
5c
26
18
40
1c
00
06
76
f7
00
0e
f5
71
98
42
f7
db
20
00
c9
1c
ff
f7
5a
ff
7f
bd
0c
b5
00
21
0b
e0
01
91
00
91
00
9a
52
1c
b2
07
0c
2a
00
92
fa
d3
01
9a
52
1c
64
2a
01
92
f4
d3
40
1e
f1
d2
0c
bd
10
b5
a8
4b
07
e0
0c
78
44
40
10
37
24
06
a4
0d
1c
59
00
0a
60
40
49
1c
52
1e
f5
d2
10
bd
30
b5
a2
4b
a1
4c
00
21
08
00
00
22
c5
07
d0
d6
02
d0
40
08
58
40
00
e0
40
08
52
1c
08
2a
f6
db
8a
00
49
1c
ff
29
a0
50
ef
dd
00
20
30
bd
f0
b5
fc
3f
04
00
00
78
00
26
91
4f
f6
43
01
25
0f
28
c5
b0
61
d0
0a
dc
00
28
14
d0
0e
28
1c
d1
60
78
a5
28
b7
f5
19
d1
10
20
00
f0
c9
fa
fe
e7
10
28
15
d0
aa
28
11
d1
3d
70
60
78
69
46
6a
46
08
70
05
21
aa
20
be
e7
46
e0
00
20
69
46
3d
70
08
70
05
21
01
20
6a
46
ff
f7
7e
ff
bd
70
45
b0
f0
bd
a0
78
65
78
21
79
d4
99
00
02
05
43
e0
78
09
06
67
79
00
04
08
43
05
43
a0
79
21
7a
00
02
07
43
e0
79
09
06
00
04
08
43
cc
da
07
43
ff
f7
a6
ff
78
1b
00
24
40
1c
07
0a
12
e0
ff
22
a9
08
01
32
00
20
04
ab
00
f0
50
fa
ff
22
23
06
01
32
30
00
04
a9
ff
f7
86
ff
64
1c
24
04
06
00
24
0c
ff
35
01
35
a7
42
ea
d8
68
46
31
0a
06
70
ba
03
41
70
31
0c
81
70
31
0e
c1
70
08
21
10
20
6a
46
ff
f7
3e
ff
bf
e7
a0
78
61
78
22
79
00
02
01
43
e3
fc
e0
78
12
06
00
04
10
43
01
43
5e
48
00
f0
0e
fc
50
49
00
02
e5
38
08
60
60
79
40
00
ff
f7
49
ff
eb
80
61
78
68
46
6a
46
01
70
a1
78
41
70
e1
78
81
70
21
79
c1
70
61
79
01
71
09
21
0f
20
ff
f7
18
ff
da
9a
02
20
ff
f7
cc
fd
96
e7
f8
b5
0d
00
47
4e
04
00
3f
e0
70
78
03
00
00
f0
24
ec
09
06
0b
10
15
22
4e
9c
33
3f
44
51
38
00
20
78
01
28
2d
d0
00
20
2b
e0
20
78
e0
28
fa
d1
02
20
26
e0
20
78
fc
28
f5
d1
52
23
03
20
21
e0
20
78
ff
28
30
81
06
d0
00
28
ed
d0
04
20
70
70
00
20
b0
80
17
e0
05
20
14
e0
20
78
5f
4d
b2
88
39
49
88
54
52
1c
10
04
00
0c
b0
80
31
89
88
42
0a
d1
09
06
34
48
09
0e
ff
f7
30
ff
d5
e7
21
a9
20
78
f4
28
d2
d1
06
20
70
70
6d
1e
2d
04
2d
0c
64
1c
00
2d
bd
d1
f8
bd
07
20
70
70
20
78
70
81
05
39
f3
e7
20
78
71
89
00
02
40
18
00
04
00
0c
70
81
00
d0
08
20
70
70
00
20
b0
80
03
e1
21
78
22
4b
33
14
b0
88
10
33
19
54
40
1c
00
04
00
0c
b0
80
19
78
09
29
06
d0
0f
29
53
d0
06
29
72
d0
07
29
71
d0
55
f7
f2
e0
71
89
88
42
fb
d1
9a
78
58
78
1f
00
12
02
10
43
da
78
1b
79
12
04
1b
06
1a
43
10
43
13
4a
5a
77
70
61
90
42
24
d2
49
1f
79
71
7b
1c
07
22
06
21
09
20
32
e0
00
63
80
00
1b
89
00
00
01
10
00
00
60
53
01
00
70
00
00
65
80
00
fc
ff
fc
ff
2c
00
40
00
54
01
40
00
04
20
00
00
98
ef
ff
ff
70
31
40
00
98
ee
20
83
b8
ed
00
24
f4
00
58
21
40
00
f0
7f
02
00
81
08
60
4b
10
22
00
20
00
f0
61
f9
5d
49
00
20
68
6d
3b
00
0a
5c
1f
18
40
1c
00
06
00
0e
10
28
7a
71
f7
d3
00
21
58
4a
09
20
50
e0
ff
f7
2b
fe
55
e7
16
06
71
89
88
42
7e
d1
d9
78
98
78
5a
79
09
02
08
43
19
79
12
06
09
04
11
43
08
43
01
21
09
03
88
42
11
53
03
da
07
22
06
21
0f
20
38
e0
b1
78
01
29
01
d1
00
21
b1
70
59
78
1f
00
20
29
04
d0
d8
29
09
d0
aa
e1
11
e0
15
e0
3b
e0
c1
17
89
0f
08
18
81
10
01
22
92
02
05
e0
c1
17
89
0f
08
18
81
10
01
22
52
03
f9
9b
00
20
00
f0
d5
f8
7b
1c
07
22
00
21
0f
20
c4
e7
72
89
90
42
68
d1
99
78
58
78
1f
79
09
02
08
43
bf
7b
d9
78
3f
06
09
04
39
43
08
43
34
49
30
61
88
42
06
d2
52
1f
5a
71
07
22
06
21
08
00
5b
1c
ac
e7
09
9c
81
08
1f
00
5b
1d
00
20
52
1f
00
f0
c1
f8
b0
7a
07
22
00
21
40
1f
7b
1c
78
71
06
20
9d
e7
f1
88
1f
b8
8c
46
09
02
ca
1d
fe
32
82
42
00
d9
1d
e7
24
4b
9f
78
5a
78
3f
02
3a
43
df
78
1b
79
3f
04
1b
06
b2
fe
1f
43
3a
43
01
23
1b
03
9a
42
32
61
11
d2
61
46
49
1c
f1
80
71
89
88
42
e8
d1
19
4b
f0
20
58
70
bb
d1
1f
20
00
e0
20
e0
06
22
98
70
11
00
07
20
5b
1c
14
e0
13
4f
88
18
cb
19
81
08
ff
22
01
32
00
20
8b
33
5b
1d
00
f0
85
f8
f0
88
40
1c
f0
80
b0
88
71
89
88
42
cb
d1
7b
1c
06
22
00
21
07
20
ff
f7
8a
fd
22
a8
00
20
70
70
f0
80
e0
e6
71
89
88
42
00
d1
ad
e6
db
e6
00
00
54
00
40
00
06
10
00
00
f0
7f
02
00
47
25
68
21
40
00
82
48
05
21
c9
03
01
60
00
21
01
72
01
21
49
02
41
60
01
21
41
72
70
47
70
b5
7d
4c
ca
96
05
00
a1
60
00
f0
de
f8
00
f0
d6
f8
61
68
7c
20
81
43
68
01
08
43
60
60
00
f0
df
f8
00
f0
e3
f8
b6
81
01
28
fb
d0
e4
68
00
f0
d3
f8
20
00
70
bd
70
b5
70
4c
05
00
a1
60
e2
60
00
f0
c4
f8
00
f0
bc
f8
00
13
61
68
7c
20
81
43
68
01
00
1d
08
43
60
60
00
f0
c4
f8
00
f0
c8
f8
00
28
fb
d1
00
f0
b9
f8
70
bd
c9
20
70
b5
64
4c
05
00
a1
60
00
f0
ac
f8
00
f0
a4
f8
61
68
7c
20
81
43
68
01
08
30
08
43
60
60
00
f0
66
c3
ac
f8
00
f0
b0
f8
00
28
fb
d1
00
f0
a1
f8
70
bd
70
b5
06
00
8d
18
01
28
09
d8
4c
0a
64
02
04
e0
c3
3b
21
00
30
00
ff
f7
dc
ff
80
34
ac
42
f8
d3
70
bd
f8
b5
1c
00
15
00
0e
00
07
00
01
28
2e
d8
4c
49
98
49
b8
00
08
58
a8
42
29
d3
10
e0
60
78
22
78
e1
78
00
02
02
43
a0
78
09
06
00
04
08
43
02
43
31
00
6d
a4
38
00
ff
f7
a4
ff
24
1d
2d
1f
76
1c
04
2d
ec
d2
00
2d
13
d0
00
22
d2
43
00
20
09
e0
c1
00
ff
23
9e
77
8b
40
9a
43
23
5c
8b
40
40
1c
1a
43
00
06
00
0e
a8
42
f3
d3
31
00
38
00
ff
f7
89
ff
f8
bd
f8
b5
22
f9
07
00
00
20
0e
00
c0
43
31
49
00
90
b8
00
08
58
1d
00
14
00
a0
42
24
d3
01
2f
22
d8
0c
e0
31
00
18
a7
38
00
ff
f7
5b
ff
00
90
04
22
28
00
69
46
00
f0
e3
f9
24
1f
2d
1d
76
1c
04
2c
f0
d2
00
2c
10
d0
82
7b
31
00
38
00
ff
f7
4a
ff
00
90
00
20
07
e0
00
99
c2
00
d1
40
40
1c
00
06
00
0e
29
70
6d
1c
a0
42
68
c2
f5
d3
f8
bd
01
20
c1
05
c8
61
1b
48
2d
21
49
04
01
60
a5
21
09
04
01
60
70
47
00
21
01
22
d2
05
37
20
d1
61
15
49
08
60
2d
22
52
04
82
18
0a
60
a5
22
12
04
80
18
08
60
70
47
0e
48
a5
21
01
61
c3
21
e2
b6
41
61
70
47
0d
49
0b
48
01
60
0d
49
01
60
70
47
08
48
00
21
01
60
01
60
70
47
06
48
41
68
01
22
20
b9
11
43
41
60
70
47
03
48
40
68
c0
07
c0
0f
70
47
70
35
40
00
00
30
80
00
00
60
80
00
a9
58
00
00
3b
59
58
a9
00
00
b2
49
10
b5
89
68
b2
4a
91
42
00
d1
b1
48
af
4b
81
08
10
3b
10
22
00
20
ff
f7
7f
ff
60
a4
00
20
10
bd
37
21
10
b5
a9
4b
10
22
49
02
00
20
ff
f7
75
ff
00
20
10
bd
f0
b5
00
20
c0
43
89
b0
5f
3a
04
90
ff
f7
b6
fc
a2
48
10
38
c1
88
80
68
8e
08
a0
49
76
1e
88
42
01
d1
9f
4d
10
35
00
24
14
e0
7d
10
af
08
10
22
39
00
00
20
6b
46
ff
f7
58
ff
10
22
39
00
00
20
05
ab
ff
f7
52
ff
04
98
10
22
69
46
38
bc
ff
f7
89
fc
64
1c
10
35
04
90
b4
42
e8
d3
04
98
09
b0
f0
bd
f0
b5
00
20
c0
43
89
b0
04
90
ff
f7
d4
fd
88
fc
8b
48
8d
4d
c0
88
80
08
40
1e
06
04
36
0c
00
24
14
e0
af
08
10
22
39
00
00
20
6b
46
ff
f7
21
ba
2e
ff
10
22
39
00
00
20
05
ab
ff
f7
28
ff
04
98
10
22
69
46
ff
f7
5f
fc
64
1c
10
35
04
90
b4
42
df
ee
e8
d3
04
98
d4
e7
f8
b5
ff
f7
8c
ff
78
4c
79
49
10
3c
a0
68
88
42
52
d1
20
7b
79
4e
aa
27
55
25
f5
ca
ff
28
04
d0
55
28
38
d0
aa
28
24
d0
35
e0
e1
88
74
48
81
42
1a
d0
74
4a
91
42
17
d8
ff
f7
8c
ff
27
d4
21
68
88
42
29
d1
6a
4b
27
73
10
3b
10
22
31
00
00
20
67
73
ff
f7
bc
fe
65
4b
10
22
10
3b
31
00
64
c6
00
20
ff
f7
ec
fe
ff
f7
5d
ff
14
e0
e1
89
81
42
13
d1
01
20
f8
bd
5e
4b
27
73
10
3b
10
22
31
00
9f
66
00
20
67
73
ff
f7
a4
fe
59
4b
10
22
10
3b
31
00
00
20
ff
f7
d4
fe
00
20
f8
bd
55
4b
25
73
10
3b
f5
7c
10
22
31
00
00
20
65
73
ff
f7
92
fe
50
4b
10
22
10
3b
31
00
00
20
ff
f7
c2
fe
02
20
f8
bd
03
20
c5
6b
f8
bd
70
b5
ff
f7
3e
ff
49
4c
4e
48
e1
89
81
42
02
d0
a1
88
81
42
01
d1
01
20
70
bd
45
4a
a1
68
39
b0
91
42
1c
d1
21
7b
aa
26
55
25
ff
29
04
d0
55
29
11
d0
aa
29
0b
d0
0e
e0
e1
88
81
42
0b
d0
42
48
82
44
81
42
08
d8
ff
f7
56
ff
21
68
88
42
03
d1
26
73
00
20
66
73
70
bd
25
73
02
20
65
73
70
bd
03
20
8a
a6
70
bd
70
b5
32
48
33
49
80
68
88
42
0e
d1
41
25
ad
02
00
24
a9
08
00
20
ff
f7
22
fe
64
1c
ff
35
0f
97
24
06
ff
35
24
0e
02
35
5a
2c
f3
d3
70
bd
70
b5
37
25
ed
02
00
24
a9
08
00
20
ff
f7
11
fe
64
1c
19
75
ff
35
24
06
ff
35
24
0e
02
35
5a
2c
f3
d3
70
bd
7f
b5
1f
48
37
24
c1
88
e4
02
80
68
89
00
0e
19
cd
da
1c
49
88
42
0f
d1
1c
4d
0d
e0
a1
08
10
22
00
20
6b
46
ff
f7
54
fe
a9
08
10
22
00
20
6b
46
ff
f7
f9
e2
17
fe
10
34
10
35
b4
42
ef
d3
7f
bd
10
b5
00
24
ff
f7
87
ff
00
28
06
d0
01
28
12
d0
02
28
0e
d0
2b
3f
04
28
0e
d1
0f
e0
ff
f7
ac
ff
ff
f7
d1
ff
ff
f7
1a
ff
00
28
03
d0
64
20
ff
f7
6f
fe
06
e0
ff
f7
da
91
b6
ff
01
24
02
e0
01
24
ff
f7
b1
ff
20
00
10
bd
8c
35
40
00
42
42
42
42
10
04
01
00
10
b8
01
00
21
a2
04
41
00
00
ff
ff
00
00
c3
2c
00
00
0b
00
01
00
00
20
20
22
30
b5
01
24
09
e0
0d
00
d5
40
9d
42
eb
0d
05
d3
1d
00
95
40
49
1b
25
00
95
40
40
19
15
00
52
1e
00
2d
f1
dc
30
bd
03
00
0b
43
9b
07
03
d0
1e
d1
09
e0
08
c9
12
1f
08
c0
04
2a
fa
d2
03
e0
0b
78
03
70
40
1c
49
1c
52
1e
f9
d2
70
47
00
00
0f
e1
96
b5
80
10
80
e3
01
f0
21
e1
80
00
00
e2
1e
ff
2f
e1
00
00
0f
e1
80
00
c0
e3
00
f0
21
e1
1e
ff
2f
e1
dd
30
01
c0
5e
e5
0c
00
53
e1
0c
30
de
27
03
30
de
37
83
c0
8e
e0
1c
ff
2f
e1
00
00
00
00
00
00
00
00
4d
17
00
00
00
00
00
00
00
00
00
00
00
00
00
00
00
00
00
00
00
00
00
00
00
00
00
00
00
00
ff
ff
ff
ff
00
00
