10.10.32	正常	设备1 CRC = 0x4d5db98c
10.10.50	正常	设备1 程序下载成功 
11.57.13	正常	设备1 CRC = 0x4d5db98c
11.57.32	正常	设备1 程序下载成功 
12.39.33	正常	设备1 CRC = 0x1c658f3a
12.39.33	错误	设备1 Vpp打开失败(!=0xee)！
12.45.44	正常	设备1 CRC = 0x1c658f3a
12.45.44	错误	设备1 Vpp打开失败(!=0xee)！
12.47.08	正常	设备1 CRC = 0x4d5db98c
12.47.08	错误	设备1 Vpp打开失败(!=0xee)！
12.48.11	正常	设备1 CRC = 0x4d5db98c
12.48.11	错误	设备1 Vpp打开失败(!=0xee)！
14.21.25	正常	设备1 CRC = 0x1c658f3a
14.21.28	警告	设备1 写入Bin文件超时-1！ 
14.21.28	警告	设备1 程序下载失败 
14.21.30	错误	设备1 Vpp关闭操作超时！
14.27.42	正常	设备1 继续下载失败的bin文件！ 
14.27.42	错误	设备1 Vpp打开失败(!=0xee)！
14.27.58	正常	设备1 擦除成功!!
14.28.04	正常	设备1 CRC = 0x1c658f3a
14.28.22	正常	设备1 程序下载成功 
15.11.04	正常	设备1 CRC = 0xc79d8655
15.11.04	错误	设备1 Vpp打开失败(!=0xee)！
15.11.09	错误	设备1 Vpp打开失败(!=0xee)！
15.13.01	正常	设备1 CRC = 0xc79d8655
15.13.01	错误	设备1 Vpp打开失败(!=0xee)！
15.13.04	错误	设备1 Vpp打开失败(!=0xee)！
15.14.34	正常	设备1 CRC = 0xc79d8655
15.14.35	错误	设备1 Vpp打开失败(!=0xee)！
15.16.20	正常	设备1 CRC = 0xc79d8655
15.16.22	错误	设备1 Vpp打开失败(!=0xee)！
15.16.40	错误	设备1 Vpp打开失败(!=0xee)！
15.16.45	错误	设备1 Vpp打开失败(!=0xee)！
15.17.19	错误	设备1 Vpp打开失败(!=0xee)！
15.20.07	正常	设备1 CRC = 0xc79d8655
15.20.25	正常	设备1 程序下载成功 
17.13.20	正常	设备1 CRC = 0xf4103f3e
17.13.38	正常	设备1 程序下载成功 
17.17.28	正常	设备1 擦除成功!!
17.17.34	正常	设备1 CRC = 0xf4103f3e
17.17.52	正常	设备1 程序下载成功 
17.56.20	正常	设备1 擦除成功!!
17.56.25	正常	设备1 CRC = 0x96f7ea1d
17.56.43	正常	设备1 程序下载成功 
18.23.11	正常	设备1 擦除成功!!
18.23.13	正常	设备1 CRC = 0x6ea2a8b1
18.23.31	正常	设备1 程序下载成功 
18.41.16	错误	设备1 eraseflash复位失败!!
18.42.05	错误	设备1 eraseflash复位失败!!
18.42.07	正常	设备1 CRC = 0x5d9995ef
18.42.07	错误	设备1 downImage复位失败!!
18.42.07	警告	设备1 程序下载失败 
