11.18.43	正常	设备1 CRC = 0x82d47328
11.19.01	正常	设备1 程序下载成功 
11.30.30	正常	设备1 CRC = 0xdaa7da8a
11.30.48	正常	设备1 程序下载成功 
11.49.20	正常	设备1 CRC = 0xab398a36
11.49.37	正常	设备1 程序下载成功 
12.08.29	正常	设备1 CRC = 0x5c993b60
12.08.46	正常	设备1 程序下载成功 
12.22.56	正常	设备1 CRC = 0xa875b512
12.23.13	正常	设备1 程序下载成功 
14.56.29	正常	设备1 CRC = 0x82e857fc
14.56.46	正常	设备1 程序下载成功 
15.12.05	正常	设备1 CRC = 0x2f34281e
15.12.22	正常	设备1 程序下载成功 
16.14.17	正常	设备1 CRC = 0xeaf81870
16.14.34	正常	设备1 程序下载成功 
16.27.40	正常	设备1 CRC = 0xf9eaa5e3
16.27.58	正常	设备1 程序下载成功 
16.44.49	正常	设备1 CRC = 0x6ac9b2e4
16.45.07	正常	设备1 程序下载成功 
16.53.32	正常	设备1 CRC = 0x7df03f26
16.53.50	正常	设备1 程序下载成功 
17.10.12	正常	设备1 CRC = 0x77c53a74
17.10.29	正常	设备1 程序下载成功 
17.15.34	正常	设备1 CRC = 0x262f0a83
17.15.52	正常	设备1 程序下载成功 
17.27.16	正常	设备1 CRC = 0x78912a81
17.27.34	正常	设备1 程序下载成功 
17.50.55	正常	设备1 CRC = 0x65ed3a97
17.51.02	警告	设备1 写入Bin文件超时-1！ 
17.51.02	警告	设备1 程序下载失败 
17.51.05	正常	设备1 继续下载失败的bin文件！ 
17.51.23	正常	设备1 程序下载成功 
19.16.36	正常	设备1 CRC = 0x8b589b8d
19.16.40	警告	设备1 写入Bin文件超时-1！ 
19.16.40	警告	设备1 程序下载失败 
19.16.42	错误	设备1 Vpp关闭操作超时！
19.16.43	正常	设备1 继续下载失败的bin文件！ 
19.16.45	错误	设备1 Vpp打开操作超时！
19.17.00	正常	设备1 CRC = 0x8b589b8d
19.17.02	错误	设备1 Vpp打开操作超时！
19.17.06	正常	设备1 CRC = 0x8b589b8d
19.17.25	正常	设备1 程序下载成功 
19.20.41	正常	设备1 CRC = 0x2f79480b
19.21.00	正常	设备1 程序下载成功 
19.49.22	正常	设备1 CRC = 0xd13d8a20
19.49.40	正常	设备1 程序下载成功 
19.59.03	正常	设备1 CRC = 0x78912a81
19.59.20	正常	设备1 程序下载成功 
20.17.57	正常	设备1 CRC = 0x83fad483
20.18.05	警告	设备1 写入Bin文件超时-1！ 
20.18.05	警告	设备1 程序下载失败 
20.18.07	错误	设备1 Vpp关闭操作超时！
20.18.13	正常	设备1 继续下载失败的bin文件！ 
20.18.30	正常	设备1 程序下载成功 
20.57.21	正常	设备1 CRC = 0x0a4313ea
20.57.38	正常	设备1 程序下载成功 
21.00.08	正常	设备1 CRC = 0x98b11300
21.00.25	正常	设备1 程序下载成功 
21.03.34	正常	设备1 CRC = 0x0a4313ea
21.03.51	正常	设备1 程序下载成功 
21.11.09	正常	设备1 CRC = 0xd65c4d5c
21.11.26	正常	设备1 程序下载成功 
21.13.49	正常	设备1 CRC = 0xda27a36d
21.14.07	正常	设备1 程序下载成功 
21.20.19	正常	设备1 CRC = 0x07e5961c
21.20.37	正常	设备1 程序下载成功 
21.32.37	正常	设备1 CRC = 0x278e439f
21.32.54	正常	设备1 程序下载成功 
21.46.56	正常	设备1 CRC = 0x58802f52
21.47.13	正常	设备1 程序下载成功 
22.02.15	正常	设备1 CRC = 0xdf4623c4
22.02.32	正常	设备1 程序下载成功 
22.07.55	正常	设备1 CRC = 0x69d1b25a
22.08.13	正常	设备1 程序下载成功 
22.18.18	正常	设备1 CRC = 0xacfa78cc
22.18.36	正常	设备1 程序下载成功 
22.37.25	正常	设备1 CRC = 0x8c1d487c
22.37.42	正常	设备1 程序下载成功 
22.42.37	正常	设备1 CRC = 0x8c1d487c
22.42.55	正常	设备1 程序下载成功 
22.47.23	正常	设备1 CRC = 0x65ed3a97
22.47.40	正常	设备1 程序下载成功 
22.51.54	正常	设备1 CRC = 0x8c1d487c
22.52.12	正常	设备1 程序下载成功 
23.01.02	正常	设备1 CRC = 0x8c1d487c
23.01.20	正常	设备1 程序下载成功 
23.16.52	正常	设备1 CRC = 0x2831fd21
23.17.10	正常	设备1 程序下载成功 
23.25.29	正常	设备1 CRC = 0x08c9342a
23.25.46	正常	设备1 程序下载成功 
23.30.51	正常	设备1 CRC = 0x8b0b2752
23.31.08	正常	设备1 程序下载成功 
