14.57.25	正常	设备1 CRC = 0xfae1013e
14.57.43	正常	设备1 程序下载成功 
16.47.09	正常	设备1 CRC = 0x8dd02367
16.47.27	正常	设备1 程序下载成功 
16.50.52	正常	设备1 CRC = 0x3366a982
16.51.28	正常	设备1 CRC = 0x3366a982
16.51.45	正常	设备1 程序下载成功 
17.32.17	正常	设备1 CRC = 0x3567e485
17.32.35	正常	设备1 程序下载成功 
17.54.01	正常	设备1 CRC = 0x0bc4f214
17.54.19	正常	设备1 程序下载成功 
18.08.30	正常	设备1 CRC = 0x8b8e7853
18.08.48	正常	设备1 程序下载成功 
18.19.07	正常	设备1 CRC = 0x0bc4f214
18.19.25	正常	设备1 程序下载成功 
18.45.16	正常	设备1 CRC = 0x6ccf19ed
18.45.34	正常	设备1 程序下载成功 
19.20.57	正常	设备1 CRC = 0x1345813b
19.21.15	正常	设备1 程序下载成功 
19.38.54	正常	设备1 CRC = 0xda307a90
19.39.11	正常	设备1 程序下载成功 
19.54.03	正常	设备1 CRC = 0xe506f713
19.54.21	正常	设备1 程序下载成功 
20.01.25	正常	设备1 CRC = 0x206007ca
20.01.43	正常	设备1 程序下载成功 
20.32.14	正常	设备1 CRC = 0x206007ca
20.32.15	警告	设备1 写入Bin文件超时-1！ 
20.32.15	警告	设备1 程序下载失败 
20.33.34	正常	设备1 继续下载失败的bin文件！ 
20.33.35	警告	设备1 写入Bin文件超时-1！ 
20.33.35	警告	设备1 程序下载失败 
20.42.02	正常	设备1 继续下载失败的bin文件！ 
20.42.03	警告	设备1 写入Bin文件超时-1！ 
20.42.03	警告	设备1 程序下载失败 
20.42.47	正常	设备1 继续下载失败的bin文件！ 
20.42.50	警告	设备1 写入Bin文件超时-1！ 
20.42.50	警告	设备1 程序下载失败 
20.43.36	正常	设备1 继续下载失败的bin文件！ 
20.43.37	警告	设备1 写入Bin文件超时-1！ 
20.43.37	警告	设备1 程序下载失败 
20.43.44	正常	设备1 继续下载失败的bin文件！ 
20.43.45	警告	设备1 写入Bin文件超时-1！ 
20.43.45	警告	设备1 程序下载失败 
20.43.52	正常	设备1 继续下载失败的bin文件！ 
20.43.58	警告	设备1 写入Bin文件超时-1！ 
20.43.58	警告	设备1 程序下载失败 
20.45.02	正常	设备1 继续下载失败的bin文件！ 
20.45.19	正常	设备1 程序下载成功 
20.46.04	正常	设备1 CRC = 0x206007ca
20.46.21	正常	设备1 程序下载成功 
20.46.56	正常	设备1 CRC = 0x206007ca
20.46.57	警告	设备1 写入Bin文件超时-1！ 
20.46.57	警告	设备1 程序下载失败 
20.46.59	错误	设备1 Vpp关闭操作超时！
20.47.20	正常	设备1 继续下载失败的bin文件！ 
20.47.21	警告	设备1 写入Bin文件超时-1！ 
20.47.21	警告	设备1 程序下载失败 
20.48.09	正常	设备1 继续下载失败的bin文件！ 
20.48.10	警告	设备1 写入Bin文件超时-1！ 
20.48.10	警告	设备1 程序下载失败 
