15.06.26	正常	设备1 CRC = 0x60bb90d7
15.06.42	正常	设备1 程序下载成功 
16.13.59	正常	设备1 CRC = 0xfcd7ec15
16.14.15	正常	设备1 程序下载成功 
16.29.41	正常	设备1 CRC = 0x0dfcb363
16.29.57	正常	设备1 程序下载成功 
17.12.37	正常	设备1 CRC = 0x0dfcb363
17.12.53	正常	设备1 程序下载成功 
18.40.09	正常	设备1 CRC = 0x0dfcb363
18.40.24	正常	设备1 程序下载成功 
21.26.20	正常	设备1 CRC = 0x0dfcb363
21.26.21	警告	设备1 写入Bin文件超时-1！ 
21.26.21	警告	设备1 程序下载失败 
21.27.45	正常	设备1 继续下载失败的bin文件！ 
21.27.46	警告	设备1 写入Bin文件超时-1！ 
21.27.46	警告	设备1 程序下载失败 
21.34.00	正常	设备1 继续下载失败的bin文件！ 
21.34.01	警告	设备1 写入Bin文件超时-1！ 
21.34.01	警告	设备1 程序下载失败 
21.34.57	正常	设备1 继续下载失败的bin文件！ 
21.34.57	警告	设备1 写入Bin文件超时-1！ 
21.34.58	警告	设备1 程序下载失败 
21.42.37	正常	设备1 继续下载失败的bin文件！ 
21.42.53	正常	设备1 程序下载成功 
22.01.58	正常	设备1 CRC = 0x0dfcb363
22.02.13	正常	设备1 程序下载成功 
