15.57.29	警告	设备1 文件打开失败!路径:D:\资料库\蓝牙资料\门锁MCU-通用对接2.3 0813\BLE门锁&通用对接bk3431q_V1.3资料_20200316\BLE门锁&通用对接bk3431q_V1.3资料_20200316\tuya_ble_uart_general_docking_bk3431q_doc-master\tuya_ble_uart_general_docking_bk3431q_doc-master\01-烧录授权方法\烧录固件\TUYA_BC!
15.59.50	正常	设备1 CRC = 0xfcd7ec15
16.11.51	正常	设备1 CRC = 0xfcd7ec15
16.13.27	正常	设备1 CRC = 0xef6bdd4d
16.13.28	错误	设备1 downImage复位失败!!
16.13.28	警告	设备1 程序下载失败 
16.26.01	警告	设备1 文件大小超出芯片设定!
16.26.30	正常	设备1 CRC = 0xfcd7ec15
16.26.31	警告	设备1 写入Bin文件超时-1！ 
16.26.31	警告	设备1 程序下载失败 
20.51.52	正常	设备1 继续下载失败的bin文件！ 
20.52.09	正常	设备1 程序下载成功 
20.52.19	正常	设备1 擦除成功!!
20.52.21	正常	设备1 CRC = 0xfcd7ec15
20.52.37	正常	设备1 程序下载成功 
21.10.18	正常	设备1 CRC = 0xfcd7ec15
21.26.30	正常	设备1 CRC = 0xfcd7ec15
21.26.45	正常	设备1 程序下载成功 
21.47.41	正常	设备1 CRC = 0x60bb90d7
21.47.57	正常	设备1 程序下载成功 
