10.32.05	正常	设备1 CRC = 0xbae76b8e
10.32.28	警告	设备1 写入Bin文件超时-1！ 
10.32.28	警告	设备1 程序下载失败 
10.32.46	正常	设备1 继续下载失败的bin文件！ 
10.32.55	警告	设备1 写入Bin文件超时-1！ 
10.32.55	警告	设备1 程序下载失败 
10.58.39	正常	设备1 CRC = 0x56afd860
10.58.40	警告	设备1 写入Bin文件超时-1！ 
10.58.40	警告	设备1 程序下载失败 
10.58.42	错误	设备1 Vpp关闭操作超时！
10.58.55	正常	设备1 继续下载失败的bin文件！ 
10.58.57	错误	设备1 Vpp打开操作超时！
10.59.25	正常	设备1 CRC = 0x56afd860
10.59.27	错误	设备1 Vpp打开操作超时！
11.00.34	正常	设备1 CRC = 0x56afd860
11.00.36	错误	设备1 Vpp打开操作超时！
11.02.17	正常	设备1 CRC = 0x56afd860
11.02.19	错误	设备1 Vpp打开操作超时！
11.02.52	正常	设备1 CRC = 0x56afd860
11.02.54	错误	设备1 Vpp打开操作超时！
11.03.23	正常	设备1 CRC = 0x56afd860
11.03.25	错误	设备1 Vpp打开操作超时！
11.03.32	正常	设备1 CRC = 0x56afd860
11.03.50	正常	设备1 程序下载成功 
11.13.57	正常	设备1 CRC = 0x8d228807
11.14.15	正常	设备1 程序下载成功 
11.22.48	正常	设备1 CRC = 0x9d54841a
11.23.05	正常	设备1 程序下载成功 
11.40.53	正常	设备1 CRC = 0x8290bea0
11.41.10	正常	设备1 程序下载成功 
12.01.15	正常	设备1 CRC = 0x5eb21cef
12.01.33	正常	设备1 程序下载成功 
12.12.38	正常	设备1 CRC = 0x5eb21cef
12.12.56	正常	设备1 程序下载成功 
12.40.30	正常	设备1 CRC = 0x52ddfd8b
12.41.05	正常	设备1 CRC = 0x52ddfd8b
12.41.27	正常	设备1 CRC = 0x52ddfd8b
12.41.45	正常	设备1 程序下载成功 
14.40.22	正常	设备1 CRC = 0xf8767c51
14.40.40	正常	设备1 程序下载成功 
14.52.00	正常	设备1 CRC = 0x7082ded9
14.52.18	正常	设备1 程序下载成功 
15.13.35	正常	设备1 CRC = 0xa26e4e9b
15.13.53	正常	设备1 程序下载成功 
16.36.32	正常	设备1 CRC = 0xcc176157
16.37.05	警告	设备1 写入Bin文件超时-1！ 
16.37.05	警告	设备1 程序下载失败 
16.37.07	错误	设备1 Vpp关闭操作超时！
16.37.20	正常	设备1 CRC = 0xcc176157
16.37.22	错误	设备1 Vpp打开操作超时！
16.37.43	正常	设备1 CRC = 0xcc176157
16.37.45	错误	设备1 Vpp打开操作超时！
16.38.23	正常	设备1 CRC = 0xcc176157
16.38.25	错误	设备1 Vpp打开操作超时！
16.39.03	正常	设备1 CRC = 0xcc176157
16.39.21	正常	设备1 程序下载成功 
16.57.44	正常	设备1 CRC = 0x364ddfc4
16.58.02	正常	设备1 程序下载成功 
17.27.56	正常	设备1 CRC = 0xa5500267
17.28.14	正常	设备1 程序下载成功 
17.33.23	正常	设备1 CRC = 0x860ef414
17.33.41	正常	设备1 程序下载成功 
17.54.26	正常	设备1 CRC = 0x860ef414
17.54.44	正常	设备1 程序下载成功 
18.06.53	正常	设备1 CRC = 0x860ef414
18.07.10	正常	设备1 程序下载成功 
18.23.41	正常	设备1 CRC = 0xd30d27bf
18.23.41	错误	设备1 Vpp打开失败(!=0xee)！
18.24.00	正常	设备1 CRC = 0xd30d27bf
18.24.06	警告	设备1 写入Bin文件超时-1！ 
18.24.07	警告	设备1 程序下载失败 
18.26.10	正常	设备1 CRC = 0xd30d27bf
18.26.10	警告	设备1 写入Bin文件超时-1！ 
18.26.10	警告	设备1 程序下载失败 
18.26.19	正常	设备1 继续下载失败的bin文件！ 
18.26.20	警告	设备1 写入Bin文件超时-1！ 
18.26.20	警告	设备1 程序下载失败 
18.27.28	正常	设备1 CRC = 0xd30d27bf
18.27.28	警告	设备1 写入Bin文件超时-1！ 
18.27.28	警告	设备1 程序下载失败 
18.27.57	正常	设备1 继续下载失败的bin文件！ 
18.28.15	正常	设备1 程序下载成功 
18.43.27	正常	设备1 CRC = 0xd30d27bf
18.43.45	正常	设备1 程序下载成功 
18.46.17	正常	设备1 CRC = 0xec10e2c4
18.46.17	错误	设备1 Vpp打开失败(!=0xee)！
18.46.25	正常	设备1 CRC = 0xec10e2c4
18.46.42	正常	设备1 程序下载成功 
18.50.16	正常	设备1 CRC = 0xd30d27bf
18.50.34	正常	设备1 程序下载成功 
