15.49.59	正常	设备1 CRC = 0xf1e52ca6
15.50.17	正常	设备1 程序下载成功 
16.40.46	正常	设备1 CRC = 0xccea5527
16.41.03	正常	设备1 程序下载成功 
17.08.00	正常	设备1 CRC = 0xd2c8e3dc
17.08.18	正常	设备1 程序下载成功 
17.23.45	正常	设备1 CRC = 0x9fc7f1db
17.24.03	正常	设备1 程序下载成功 
17.32.16	正常	设备1 CRC = 0x9fc7f1db
17.32.34	正常	设备1 程序下载成功 
18.40.04	正常	设备1 CRC = 0xd5a66cd3
18.40.12	警告	设备1 写入Bin文件超时-1！ 
18.40.12	警告	设备1 程序下载失败 
18.40.14	错误	设备1 Vpp关闭操作超时！
18.40.19	正常	设备1 继续下载失败的bin文件！ 
18.40.37	正常	设备1 程序下载成功 
19.09.39	正常	设备1 CRC = 0xa3d92b29
19.09.56	正常	设备1 程序下载成功 
19.20.38	正常	设备1 CRC = 0xedffabc0
19.20.55	正常	设备1 程序下载成功 
20.23.36	正常	设备1 CRC = 0x6fa871e4
20.23.54	正常	设备1 程序下载成功 
20.32.52	正常	设备1 CRC = 0x2f73bc8b
20.33.10	正常	设备1 程序下载成功 
20.35.23	正常	设备1 CRC = 0xd6eeaeab
20.35.40	正常	设备1 程序下载成功 
20.59.29	正常	设备1 CRC = 0x90d008c8
20.59.47	正常	设备1 程序下载成功 
21.13.49	正常	设备1 CRC = 0x7a9f58ac
21.14.07	正常	设备1 程序下载成功 
21.15.18	正常	设备1 CRC = 0xe64d088d
21.15.35	正常	设备1 程序下载成功 
21.19.52	正常	设备1 CRC = 0x89194fa5
21.20.09	正常	设备1 程序下载成功 
21.27.47	正常	设备1 CRC = 0x4b1ee642
21.28.04	正常	设备1 程序下载成功 
21.40.42	正常	设备1 CRC = 0xaa982b0a
21.40.59	正常	设备1 程序下载成功 
21.55.30	正常	设备1 CRC = 0xfb64c90e
21.55.48	正常	设备1 程序下载成功 
22.07.23	正常	设备1 CRC = 0x7a70e782
22.07.40	正常	设备1 程序下载成功 
