17.53.00	正常	设备1 CRC = 0x0dfcb363
17.53.46	正常	设备1 CRC = 0x0dfcb363
17.54.01	正常	设备1 程序下载成功 
17.54.28	正常	设备1 CRC = 0x0dfcb363
17.54.43	正常	设备1 程序下载成功 
17.55.06	正常	设备1 CRC = 0x0dfcb363
17.55.42	正常	设备1 CRC = 0x0dfcb363
17.56.07	正常	设备1 CRC = 0x0dfcb363
17.56.35	正常	设备1 CRC = 0x0dfcb363
17.57.23	正常	设备1 CRC = 0x0dfcb363
17.59.35	正常	设备1 CRC = 0xfcd7ec15
17.59.51	正常	设备1 程序下载成功 
18.09.47	正常	设备1 CRC = 0xfcd7ec15
18.10.03	正常	设备1 程序下载成功 
18.14.43	正常	设备1 CRC = 0xfcd7ec15
18.14.58	正常	设备1 程序下载成功 
18.25.02	正常	设备1 CRC = 0xfcd7ec15
18.25.49	错误	设备1 擦除失败!!
18.25.49	警告	设备1 程序下载失败 
18.25.51	错误	设备1 Vpp关闭操作超时！
18.27.40	正常	设备1 CRC = 0x60bb90d7
18.27.43	警告	设备1 写入Bin文件超时-1！ 
18.27.43	警告	设备1 程序下载失败 
18.27.45	错误	设备1 Vpp关闭操作超时！
18.27.46	正常	设备1 继续下载失败的bin文件！ 
18.27.48	错误	设备1 Vpp打开操作超时！
18.28.02	正常	设备1 CRC = 0x60bb90d7
18.28.04	错误	设备1 Vpp打开操作超时！
18.28.25	正常	设备1 CRC = 0x60bb90d7
18.28.27	错误	设备1 Vpp打开操作超时！
18.46.40	正常	设备1 CRC = 0x60bb90d7
18.46.56	正常	设备1 程序下载成功 
19.06.20	正常	设备1 CRC = 0x60bb90d7
19.06.36	正常	设备1 程序下载成功 
19.08.56	正常	设备1 CRC = 0x60bb90d7
19.09.22	正常	设备1 CRC = 0x60bb90d7
19.09.38	正常	设备1 程序下载成功 
19.09.50	正常	设备1 CRC = 0x60bb90d7
19.10.05	正常	设备1 程序下载成功 
19.18.58	正常	设备1 CRC = 0x60bb90d7
19.19.11	正常	设备1 CRC = 0x60bb90d7
19.19.47	正常	设备1 CRC = 0x60bb90d7
19.20.07	正常	设备1 CRC = 0x60bb90d7
20.22.41	正常	设备1 CRC = 0x60bb90d7
20.23.12	正常	设备1 CRC = 0x60bb90d7
20.23.27	正常	设备1 程序下载成功 
20.37.19	正常	设备1 CRC = 0x60bb90d7
20.37.34	正常	设备1 程序下载成功 
20.52.17	正常	设备1 CRC = 0x60bb90d7
20.52.18	警告	设备1 写入Bin文件超时-1！ 
20.52.18	警告	设备1 程序下载失败 
20.52.28	正常	设备1 继续下载失败的bin文件！ 
20.52.29	警告	设备1 写入Bin文件超时-1！ 
20.52.29	警告	设备1 程序下载失败 
20.57.24	正常	设备1 继续下载失败的bin文件！ 
20.57.24	警告	设备1 写入Bin文件超时-1！ 
20.57.24	警告	设备1 程序下载失败 
21.02.58	正常	设备1 继续下载失败的bin文件！ 
21.02.59	警告	设备1 写入Bin文件超时-1！ 
21.02.59	警告	设备1 程序下载失败 
21.05.07	正常	设备1 继续下载失败的bin文件！ 
21.05.08	警告	设备1 写入Bin文件超时-1！ 
21.05.08	警告	设备1 程序下载失败 
21.05.10	正常	设备1 继续下载失败的bin文件！ 
21.05.10	警告	设备1 写入Bin文件超时-1！ 
21.05.10	警告	设备1 程序下载失败 
21.05.17	正常	设备1 继续下载失败的bin文件！ 
21.05.17	警告	设备1 写入Bin文件超时-1！ 
21.05.17	警告	设备1 程序下载失败 
21.06.41	正常	设备1 继续下载失败的bin文件！ 
21.06.42	警告	设备1 写入Bin文件超时-1！ 
21.06.42	警告	设备1 程序下载失败 
21.06.44	正常	设备1 继续下载失败的bin文件！ 
21.06.45	警告	设备1 写入Bin文件超时-1！ 
21.06.45	警告	设备1 程序下载失败 
21.09.19	正常	设备1 继续下载失败的bin文件！ 
21.09.34	正常	设备1 程序下载成功 
21.16.53	正常	设备1 CRC = 0x60bb90d7
21.16.54	警告	设备1 写入Bin文件超时-1！ 
21.16.54	警告	设备1 程序下载失败 
21.19.35	正常	设备1 继续下载失败的bin文件！ 
21.19.50	正常	设备1 程序下载成功 
21.21.54	正常	设备1 CRC = 0xfcd7ec15
21.22.07	正常	设备1 CRC = 0xfcd7ec15
21.22.23	正常	设备1 程序下载成功 
21.23.51	正常	设备1 CRC = 0xfcd7ec15
21.24.07	正常	设备1 程序下载成功 
21.24.57	正常	设备1 CRC = 0xfcd7ec15
21.25.13	正常	设备1 程序下载成功 
