09.53.36	正常	设备1 CRC = 0x015a4a37
09.53.54	正常	设备1 程序下载成功 
10.07.33	正常	设备1 CRC = 0x015a4a37
10.07.42	警告	设备1 写入Bin文件超时-1！ 
10.07.42	警告	设备1 程序下载失败 
10.07.44	错误	设备1 Vpp关闭操作超时！
10.08.01	正常	设备1 继续下载失败的bin文件！ 
10.08.03	错误	设备1 Vpp打开操作超时！
10.08.46	正常	设备1 CRC = 0x015a4a37
10.08.48	错误	设备1 Vpp打开操作超时！
10.08.58	正常	设备1 CRC = 0x015a4a37
10.09.00	错误	设备1 Vpp打开操作超时！
10.09.42	正常	设备1 CRC = 0x015a4a37
10.09.42	错误	设备1 Vpp打开失败(!=0xee)！
10.10.09	正常	设备1 CRC = 0x015a4a37
10.10.26	正常	设备1 程序下载成功 
10.33.11	正常	设备1 CRC = 0x575800ba
10.33.27	正常	设备1 程序下载成功 
10.43.07	正常	设备1 CRC = 0x575800ba
10.43.24	正常	设备1 程序下载成功 
10.45.56	正常	设备1 CRC = 0xec10e2c4
10.46.24	正常	设备1 CRC = 0xec10e2c4
10.46.41	正常	设备1 程序下载成功 
10.49.31	正常	设备1 CRC = 0x575800ba
10.49.49	正常	设备1 CRC = 0x575800ba
10.50.05	正常	设备1 程序下载成功 
