14.20.02	正常	设备1 擦除成功!!
14.20.05	正常	设备1 CRC = 0x78303ad3
14.20.06	警告	设备1 写入Bin文件超时-1！ 
14.20.06	警告	设备1 程序下载失败 
14.20.18	正常	设备1 继续下载失败的bin文件！ 
14.20.20	警告	设备1 写入Bin文件超时-1！ 
14.20.20	警告	设备1 程序下载失败 
14.20.45	正常	设备1 继续下载失败的bin文件！ 
14.20.47	警告	设备1 写入Bin文件超时-1！ 
14.20.47	警告	设备1 程序下载失败 
14.34.47	正常	设备1 擦除成功!!
14.34.49	正常	设备1 继续下载失败的bin文件！ 
14.34.51	警告	设备1 写入Bin文件超时-1！ 
14.34.51	警告	设备1 程序下载失败 
14.34.57	正常	设备1 擦除成功!!
14.34.59	正常	设备1 继续下载失败的bin文件！ 
14.35.01	警告	设备1 写入Bin文件超时-1！ 
14.35.01	警告	设备1 程序下载失败 
14.35.10	正常	设备1 擦除成功!!
14.35.12	正常	设备1 CRC = 0xbb9b06d7
14.35.13	警告	设备1 写入Bin文件超时-1！ 
14.35.13	警告	设备1 程序下载失败 
14.56.24	正常	设备1 擦除成功!!
14.56.25	正常	设备1 CRC = 0xda313f0b
14.56.27	警告	设备1 写入Bin文件超时-1！ 
14.56.27	警告	设备1 程序下载失败 
15.09.31	正常	设备1 擦除成功!!
15.09.33	正常	设备1 继续下载失败的bin文件！ 
15.09.49	正常	设备1 程序下载成功 
15.10.00	正常	设备1 擦除成功!!
15.10.01	正常	设备1 CRC = 0x78303ad3
15.10.18	正常	设备1 程序下载成功 
15.11.32	正常	设备1 擦除成功!!
15.11.34	正常	设备1 CRC = 0x78303ad3
15.11.35	警告	设备1 写入Bin文件超时-1！ 
15.11.35	警告	设备1 程序下载失败 
15.35.58	正常	设备1 擦除成功!!
15.36.11	正常	设备1 继续下载失败的bin文件！ 
15.36.20	警告	设备1 写入Bin文件超时-1！ 
15.36.20	警告	设备1 程序下载失败 
15.37.17	正常	设备1 擦除成功!!
15.37.27	正常	设备1 CRC = 0x78303ad3
15.37.29	警告	设备1 写入Bin文件超时-1！ 
15.37.29	警告	设备1 程序下载失败 
15.37.42	正常	设备1 继续下载失败的bin文件！ 
15.37.58	正常	设备1 程序下载成功 
16.03.36	正常	设备1 擦除成功!!
16.03.37	正常	设备1 CRC = 0x78303ad3
16.03.39	警告	设备1 写入Bin文件超时-1！ 
16.03.39	警告	设备1 程序下载失败 
16.03.51	正常	设备1 继续下载失败的bin文件！ 
16.03.53	警告	设备1 写入Bin文件超时-1！ 
16.03.53	警告	设备1 程序下载失败 
16.04.13	正常	设备1 继续下载失败的bin文件！ 
16.04.15	警告	设备1 写入Bin文件超时-1！ 
16.04.15	警告	设备1 程序下载失败 
16.04.30	正常	设备1 继续下载失败的bin文件！ 
16.04.31	警告	设备1 写入Bin文件超时-1！ 
16.04.31	警告	设备1 程序下载失败 
16.04.55	正常	设备1 继续下载失败的bin文件！ 
16.04.57	警告	设备1 写入Bin文件超时-1！ 
16.04.57	警告	设备1 程序下载失败 
16.05.28	正常	设备1 继续下载失败的bin文件！ 
16.05.29	警告	设备1 写入Bin文件超时-1！ 
16.05.29	警告	设备1 程序下载失败 
16.05.57	正常	设备1 擦除成功!!
16.06.17	正常	设备1 继续下载失败的bin文件！ 
16.06.18	警告	设备1 写入Bin文件超时-1！ 
16.06.18	警告	设备1 程序下载失败 
16.06.32	正常	设备1 继续下载失败的bin文件！ 
16.06.34	警告	设备1 写入Bin文件超时-1！ 
16.06.34	警告	设备1 程序下载失败 
16.11.18	正常	设备1 擦除成功!!
16.11.21	正常	设备1 继续下载失败的bin文件！ 
16.11.22	警告	设备1 写入Bin文件超时-1！ 
16.11.22	警告	设备1 程序下载失败 
16.12.36	正常	设备1 擦除成功!!
16.12.37	正常	设备1 继续下载失败的bin文件！ 
16.12.39	警告	设备1 写入Bin文件超时-1！ 
16.12.39	警告	设备1 程序下载失败 
16.12.40	正常	设备1 继续下载失败的bin文件！ 
16.12.42	警告	设备1 写入Bin文件超时-1！ 
16.12.42	警告	设备1 程序下载失败 
16.12.43	正常	设备1 继续下载失败的bin文件！ 
16.12.45	警告	设备1 写入Bin文件超时-1！ 
16.12.45	警告	设备1 程序下载失败 
16.12.47	正常	设备1 继续下载失败的bin文件！ 
16.12.49	警告	设备1 写入Bin文件超时-1！ 
16.12.49	警告	设备1 程序下载失败 
16.12.52	正常	设备1 继续下载失败的bin文件！ 
16.12.54	警告	设备1 写入Bin文件超时-1！ 
16.12.54	警告	设备1 程序下载失败 
16.12.58	正常	设备1 继续下载失败的bin文件！ 
16.13.00	警告	设备1 写入Bin文件超时-1！ 
16.13.00	警告	设备1 程序下载失败 
16.13.32	正常	设备1 继续下载失败的bin文件！ 
16.13.34	警告	设备1 写入Bin文件超时-1！ 
16.13.34	警告	设备1 程序下载失败 
16.42.19	正常	设备1 擦除成功!!
16.42.21	正常	设备1 CRC = 0x78303ad3
16.42.22	警告	设备1 写入Bin文件超时-1！ 
16.42.22	警告	设备1 程序下载失败 
16.42.36	正常	设备1 继续下载失败的bin文件！ 
16.42.38	警告	设备1 写入Bin文件超时-1！ 
16.42.38	警告	设备1 程序下载失败 
17.08.58	正常	设备1 resetflash复位成功!!
17.09.04	正常	设备1 resetflash复位成功!!
17.09.25	正常	设备1 擦除成功!!
17.09.26	正常	设备1 继续下载失败的bin文件！ 
17.09.42	正常	设备1 程序下载成功 
18.19.03	错误	设备1 擦除长度为零！
18.19.53	错误	设备1 擦除长度为零！
18.19.56	正常	设备1 resetflash复位成功!!
18.19.59	正常	设备1 resetflash复位成功!!
18.21.03	错误	设备1 擦除长度为零！
18.22.07	正常	设备1 CRC = 0x60bb90d7
18.22.08	警告	设备1 写入Bin文件超时-1！ 
18.22.08	警告	设备1 程序下载失败 
18.25.53	正常	设备1 CRC = 0x60bb90d7
18.25.54	警告	设备1 写入Bin文件超时-1！ 
18.25.54	警告	设备1 程序下载失败 
20.26.24	正常	设备1 CRC = 0x60bb90d7
20.28.45	正常	设备1 CRC = 0x78303ad3
20.28.45	错误	设备1 downImage复位失败!!
20.28.45	警告	设备1 程序下载失败 
20.28.55	正常	设备1 继续下载失败的bin文件！ 
20.28.55	错误	设备1 downImage复位失败!!
20.28.55	警告	设备1 程序下载失败 
20.29.51	正常	设备1 CRC = 0x60bb90d7
20.31.10	正常	设备1 CRC = 0x60bb90d7
20.41.32	正常	设备1 CRC = 0x60bb90d7
20.41.48	正常	设备1 程序下载成功 
