14.03.58	正常	设备1 CRC = 0x61f058be
14.03.59	错误	设备1 downImage复位失败!!
14.03.59	警告	设备1 程序下载失败 
14.04.16	正常	设备1 继续下载失败的bin文件！ 
14.04.16	错误	设备1 downImage复位失败!!
14.04.16	警告	设备1 程序下载失败 
14.04.26	正常	设备1 继续下载失败的bin文件！ 
14.04.26	错误	设备1 downImage复位失败!!
14.04.26	警告	设备1 程序下载失败 
14.06.30	正常	设备1 继续下载失败的bin文件！ 
14.06.31	错误	设备1 downImage复位失败!!
14.06.31	警告	设备1 程序下载失败 
14.07.07	正常	设备1 继续下载失败的bin文件！ 
14.07.07	错误	设备1 downImage复位失败!!
14.07.07	警告	设备1 程序下载失败 
14.07.46	正常	设备1 继续下载失败的bin文件！ 
14.07.57	正常	设备1 程序下载成功 
14.51.01	正常	设备1 CRC = 0x47d5cb3a
14.51.02	错误	设备1 downImage复位失败!!
14.51.02	警告	设备1 程序下载失败 
14.51.11	正常	设备1 继续下载失败的bin文件！ 
14.51.12	错误	设备1 downImage复位失败!!
14.51.12	警告	设备1 程序下载失败 
14.51.36	正常	设备1 继续下载失败的bin文件！ 
14.51.36	错误	设备1 downImage复位失败!!
14.51.36	警告	设备1 程序下载失败 
14.51.56	正常	设备1 继续下载失败的bin文件！ 
14.51.56	错误	设备1 downImage复位失败!!
14.51.56	警告	设备1 程序下载失败 
14.52.12	正常	设备1 继续下载失败的bin文件！ 
14.52.13	错误	设备1 downImage复位失败!!
14.52.13	警告	设备1 程序下载失败 
14.52.23	正常	设备1 继续下载失败的bin文件！ 
14.52.24	错误	设备1 downImage复位失败!!
14.52.24	警告	设备1 程序下载失败 
14.52.45	正常	设备1 继续下载失败的bin文件！ 
14.52.45	错误	设备1 downImage复位失败!!
14.52.45	警告	设备1 程序下载失败 
14.53.03	正常	设备1 继续下载失败的bin文件！ 
14.53.04	错误	设备1 downImage复位失败!!
14.53.04	警告	设备1 程序下载失败 
14.53.20	正常	设备1 继续下载失败的bin文件！ 
14.53.20	错误	设备1 downImage复位失败!!
14.53.20	警告	设备1 程序下载失败 
14.53.37	正常	设备1 继续下载失败的bin文件！ 
14.53.38	错误	设备1 downImage复位失败!!
14.53.38	警告	设备1 程序下载失败 
14.53.39	正常	设备1 继续下载失败的bin文件！ 
14.53.40	错误	设备1 downImage复位失败!!
14.53.40	警告	设备1 程序下载失败 
14.54.23	正常	设备1 继续下载失败的bin文件！ 
14.54.23	错误	设备1 downImage复位失败!!
14.54.23	警告	设备1 程序下载失败 
14.54.33	正常	设备1 继续下载失败的bin文件！ 
14.54.33	错误	设备1 downImage复位失败!!
14.54.33	警告	设备1 程序下载失败 
14.54.36	正常	设备1 继续下载失败的bin文件！ 
14.54.36	错误	设备1 downImage复位失败!!
14.54.36	警告	设备1 程序下载失败 
14.55.46	正常	设备1 继续下载失败的bin文件！ 
14.55.46	错误	设备1 downImage复位失败!!
14.55.46	警告	设备1 程序下载失败 
14.56.04	正常	设备1 继续下载失败的bin文件！ 
14.56.04	错误	设备1 downImage复位失败!!
14.56.04	警告	设备1 程序下载失败 
14.56.09	正常	设备1 继续下载失败的bin文件！ 
14.56.09	错误	设备1 downImage复位失败!!
14.56.09	警告	设备1 程序下载失败 
14.56.20	正常	设备1 继续下载失败的bin文件！ 
14.56.20	错误	设备1 downImage复位失败!!
14.56.20	警告	设备1 程序下载失败 
14.56.23	正常	设备1 继续下载失败的bin文件！ 
14.56.23	错误	设备1 downImage复位失败!!
14.56.23	警告	设备1 程序下载失败 
14.57.07	正常	设备1 继续下载失败的bin文件！ 
14.57.07	错误	设备1 downImage复位失败!!
14.57.07	警告	设备1 程序下载失败 
14.57.20	正常	设备1 继续下载失败的bin文件！ 
14.57.20	错误	设备1 downImage复位失败!!
14.57.20	警告	设备1 程序下载失败 
14.57.53	正常	设备1 继续下载失败的bin文件！ 
14.57.53	错误	设备1 downImage复位失败!!
14.57.53	警告	设备1 程序下载失败 
14.58.00	正常	设备1 继续下载失败的bin文件！ 
14.58.01	错误	设备1 downImage复位失败!!
14.58.01	警告	设备1 程序下载失败 
14.58.04	正常	设备1 继续下载失败的bin文件！ 
14.58.04	错误	设备1 downImage复位失败!!
14.58.04	警告	设备1 程序下载失败 
14.58.35	正常	设备1 继续下载失败的bin文件！ 
14.58.36	错误	设备1 downImage复位失败!!
14.58.36	警告	设备1 程序下载失败 
14.58.49	正常	设备1 继续下载失败的bin文件！ 
14.58.49	错误	设备1 downImage复位失败!!
14.58.49	警告	设备1 程序下载失败 
15.02.14	正常	设备1 继续下载失败的bin文件！ 
15.02.14	错误	设备1 downImage复位失败!!
15.02.14	警告	设备1 程序下载失败 
15.02.32	正常	设备1 继续下载失败的bin文件！ 
15.02.32	错误	设备1 downImage复位失败!!
15.02.33	警告	设备1 程序下载失败 
15.02.43	正常	设备1 继续下载失败的bin文件！ 
15.02.43	错误	设备1 downImage复位失败!!
15.02.43	警告	设备1 程序下载失败 
15.02.45	正常	设备1 继续下载失败的bin文件！ 
15.02.46	错误	设备1 downImage复位失败!!
15.02.46	警告	设备1 程序下载失败 
15.03.03	正常	设备1 CRC = 0x47d5cb3a
15.03.04	错误	设备1 downImage复位失败!!
15.03.04	警告	设备1 程序下载失败 
15.04.43	正常	设备1 继续下载失败的bin文件！ 
15.04.43	错误	设备1 downImage复位失败!!
15.04.43	警告	设备1 程序下载失败 
15.04.57	正常	设备1 继续下载失败的bin文件！ 
15.04.57	错误	设备1 Vpp打开失败(!=0xee)！
15.04.59	正常	设备1 CRC = 0x47d5cb3a
15.04.59	错误	设备1 Vpp打开失败(!=0xee)！
15.05.20	正常	设备1 CRC = 0x47d5cb3a
15.05.21	错误	设备1 downImage复位失败!!
15.05.21	警告	设备1 程序下载失败 
15.05.22	正常	设备1 继续下载失败的bin文件！ 
15.05.22	错误	设备1 downImage复位失败!!
15.05.22	警告	设备1 程序下载失败 
15.05.34	正常	设备1 继续下载失败的bin文件！ 
15.05.34	错误	设备1 downImage复位失败!!
15.05.34	警告	设备1 程序下载失败 
15.05.36	正常	设备1 继续下载失败的bin文件！ 
15.05.36	错误	设备1 downImage复位失败!!
15.05.36	警告	设备1 程序下载失败 
15.05.37	正常	设备1 继续下载失败的bin文件！ 
15.05.38	错误	设备1 downImage复位失败!!
15.05.38	警告	设备1 程序下载失败 
15.06.37	正常	设备1 继续下载失败的bin文件！ 
15.06.38	错误	设备1 downImage复位失败!!
15.06.38	警告	设备1 程序下载失败 
15.06.41	正常	设备1 继续下载失败的bin文件！ 
15.06.41	错误	设备1 downImage复位失败!!
15.06.41	警告	设备1 程序下载失败 
15.06.44	正常	设备1 继续下载失败的bin文件！ 
15.06.44	错误	设备1 downImage复位失败!!
15.06.44	警告	设备1 程序下载失败 
15.08.09	正常	设备1 继续下载失败的bin文件！ 
15.08.09	错误	设备1 downImage复位失败!!
15.08.09	警告	设备1 程序下载失败 
15.08.56	正常	设备1 继续下载失败的bin文件！ 
15.08.56	错误	设备1 downImage复位失败!!
15.08.56	警告	设备1 程序下载失败 
15.08.59	正常	设备1 继续下载失败的bin文件！ 
15.08.59	错误	设备1 downImage复位失败!!
15.08.59	警告	设备1 程序下载失败 
15.09.02	正常	设备1 继续下载失败的bin文件！ 
15.09.03	错误	设备1 downImage复位失败!!
15.09.03	警告	设备1 程序下载失败 
15.09.04	正常	设备1 继续下载失败的bin文件！ 
15.09.05	错误	设备1 downImage复位失败!!
15.09.05	警告	设备1 程序下载失败 
15.09.06	正常	设备1 继续下载失败的bin文件！ 
15.09.06	错误	设备1 downImage复位失败!!
15.09.06	警告	设备1 程序下载失败 
15.09.07	正常	设备1 继续下载失败的bin文件！ 
15.09.07	错误	设备1 downImage复位失败!!
15.09.07	警告	设备1 程序下载失败 
15.10.00	正常	设备1 继续下载失败的bin文件！ 
15.10.01	错误	设备1 downImage复位失败!!
15.10.01	警告	设备1 程序下载失败 
15.10.02	正常	设备1 继续下载失败的bin文件！ 
15.10.03	错误	设备1 downImage复位失败!!
15.10.03	警告	设备1 程序下载失败 
15.10.21	正常	设备1 继续下载失败的bin文件！ 
15.10.21	错误	设备1 downImage复位失败!!
15.10.21	警告	设备1 程序下载失败 
15.10.23	正常	设备1 继续下载失败的bin文件！ 
15.10.23	错误	设备1 downImage复位失败!!
15.10.23	警告	设备1 程序下载失败 
15.10.25	正常	设备1 继续下载失败的bin文件！ 
15.10.25	错误	设备1 downImage复位失败!!
15.10.26	警告	设备1 程序下载失败 
15.11.03	正常	设备1 继续下载失败的bin文件！ 
15.11.03	错误	设备1 downImage复位失败!!
15.11.03	警告	设备1 程序下载失败 
15.11.06	正常	设备1 继续下载失败的bin文件！ 
15.11.06	错误	设备1 downImage复位失败!!
15.11.06	警告	设备1 程序下载失败 
15.11.07	正常	设备1 继续下载失败的bin文件！ 
15.11.07	错误	设备1 downImage复位失败!!
15.11.07	警告	设备1 程序下载失败 
15.23.13	正常	设备1 继续下载失败的bin文件！ 
15.23.13	错误	设备1 downImage复位失败!!
15.23.13	警告	设备1 程序下载失败 
15.23.15	正常	设备1 继续下载失败的bin文件！ 
15.23.16	错误	设备1 downImage复位失败!!
15.23.16	警告	设备1 程序下载失败 
15.23.33	正常	设备1 继续下载失败的bin文件！ 
15.23.34	错误	设备1 downImage复位失败!!
15.23.34	警告	设备1 程序下载失败 
15.23.48	正常	设备1 继续下载失败的bin文件！ 
15.23.48	错误	设备1 downImage复位失败!!
15.23.48	警告	设备1 程序下载失败 
15.23.50	正常	设备1 继续下载失败的bin文件！ 
15.23.50	错误	设备1 downImage复位失败!!
15.23.50	警告	设备1 程序下载失败 
15.23.57	正常	设备1 继续下载失败的bin文件！ 
15.23.58	错误	设备1 downImage复位失败!!
15.23.58	警告	设备1 程序下载失败 
15.23.59	正常	设备1 继续下载失败的bin文件！ 
15.23.59	错误	设备1 downImage复位失败!!
15.23.59	警告	设备1 程序下载失败 
15.24.15	正常	设备1 继续下载失败的bin文件！ 
15.24.16	错误	设备1 downImage复位失败!!
15.24.16	警告	设备1 程序下载失败 
15.24.21	正常	设备1 继续下载失败的bin文件！ 
15.24.21	错误	设备1 downImage复位失败!!
15.24.21	警告	设备1 程序下载失败 
19.03.58	正常	设备1 CRC = 0x47d5cb3a
19.03.58	错误	设备1 downImage复位失败!!
19.03.58	警告	设备1 程序下载失败 
19.04.20	正常	设备1 继续下载失败的bin文件！ 
19.04.21	错误	设备1 downImage复位失败!!
19.04.21	警告	设备1 程序下载失败 
19.04.51	正常	设备1 继续下载失败的bin文件！ 
19.04.51	错误	设备1 downImage复位失败!!
19.04.51	警告	设备1 程序下载失败 
19.05.00	正常	设备1 继续下载失败的bin文件！ 
19.05.00	错误	设备1 downImage复位失败!!
19.05.00	警告	设备1 程序下载失败 
19.05.06	正常	设备1 继续下载失败的bin文件！ 
19.05.06	错误	设备1 downImage复位失败!!
19.05.06	警告	设备1 程序下载失败 
19.05.12	正常	设备1 继续下载失败的bin文件！ 
19.05.12	错误	设备1 downImage复位失败!!
19.05.12	警告	设备1 程序下载失败 
19.07.21	正常	设备1 继续下载失败的bin文件！ 
19.07.21	错误	设备1 downImage复位失败!!
19.07.21	警告	设备1 程序下载失败 
19.08.10	正常	设备1 继续下载失败的bin文件！ 
19.08.11	错误	设备1 downImage复位失败!!
19.08.11	警告	设备1 程序下载失败 
19.08.26	正常	设备1 CRC = 0xea6825f7
19.08.26	错误	设备1 downImage复位失败!!
19.08.26	警告	设备1 程序下载失败 
19.08.31	正常	设备1 CRC = 0x47d5cb3a
19.08.31	错误	设备1 downImage复位失败!!
19.08.31	警告	设备1 程序下载失败 
19.09.10	正常	设备1 继续下载失败的bin文件！ 
19.09.10	错误	设备1 downImage复位失败!!
19.09.10	警告	设备1 程序下载失败 
19.09.52	正常	设备1 继续下载失败的bin文件！ 
19.09.52	错误	设备1 downImage复位失败!!
19.09.52	警告	设备1 程序下载失败 
19.09.55	正常	设备1 继续下载失败的bin文件！ 
19.09.55	错误	设备1 downImage复位失败!!
19.09.55	警告	设备1 程序下载失败 
19.10.06	正常	设备1 继续下载失败的bin文件！ 
19.10.06	错误	设备1 downImage复位失败!!
19.10.06	警告	设备1 程序下载失败 
19.10.08	正常	设备1 继续下载失败的bin文件！ 
19.10.08	错误	设备1 downImage复位失败!!
19.10.08	警告	设备1 程序下载失败 
