10.33.32	正常	设备1 CRC = 0x47d5cb3a
10.33.44	正常	设备1 程序下载成功 
10.44.52	正常	设备1 CRC = 0x47d5cb3a
10.45.05	正常	设备1 程序下载成功 
11.28.39	正常	设备1 CRC = 0x47d5cb3a
11.28.52	正常	设备1 程序下载成功 
11.38.56	正常	设备1 CRC = 0x47d5cb3a
11.39.09	正常	设备1 程序下载成功 
11.39.23	正常	设备1 CRC = 0x47d5cb3a
11.39.36	正常	设备1 程序下载成功 
12.00.06	正常	设备1 CRC = 0x02ffb97b
12.00.18	正常	设备1 程序下载成功 
12.11.34	正常	设备1 CRC = 0xbe68fe2a
12.11.47	正常	设备1 程序下载成功 
14.14.40	正常	设备1 CRC = 0x6698ceb1
14.14.53	正常	设备1 程序下载成功 
14.47.44	正常	设备1 CRC = 0x5ced0512
14.47.57	正常	设备1 程序下载成功 
14.52.39	正常	设备1 CRC = 0x83552006
14.52.52	正常	设备1 程序下载成功 
15.00.10	正常	设备1 CRC = 0x29d2a938
15.00.22	正常	设备1 程序下载成功 
15.08.23	正常	设备1 CRC = 0x5e0d5b39
15.08.35	正常	设备1 程序下载成功 
15.09.54	正常	设备1 CRC = 0xca6605d7
15.10.07	正常	设备1 程序下载成功 
15.15.02	正常	设备1 CRC = 0x6a2970d4
15.15.15	正常	设备1 程序下载成功 
15.21.18	正常	设备1 CRC = 0x534c9ea0
15.21.31	正常	设备1 程序下载成功 
15.25.14	正常	设备1 CRC = 0xcd445c8e
15.25.26	正常	设备1 程序下载成功 
15.29.49	正常	设备1 CRC = 0xf7dd2310
15.30.02	正常	设备1 程序下载成功 
15.34.13	正常	设备1 CRC = 0x5982a01f
15.34.25	正常	设备1 程序下载成功 
15.43.59	正常	设备1 CRC = 0x36c39b17
15.44.11	正常	设备1 程序下载成功 
15.58.38	正常	设备1 CRC = 0x5deae1e7
15.58.51	正常	设备1 程序下载成功 
16.02.18	正常	设备1 CRC = 0xa565617a
16.02.31	正常	设备1 程序下载成功 
16.07.38	正常	设备1 CRC = 0xdf1ea45f
16.07.51	正常	设备1 程序下载成功 
16.12.05	正常	设备1 CRC = 0x28876ff3
16.12.17	正常	设备1 程序下载成功 
16.16.36	正常	设备1 CRC = 0x558e582e
16.16.49	正常	设备1 程序下载成功 
16.26.35	正常	设备1 CRC = 0xd5ea3dc1
16.26.35	错误	设备1 downImage复位失败!!
16.26.35	警告	设备1 程序下载失败 
16.26.44	正常	设备1 继续下载失败的bin文件！ 
16.26.57	警告	设备1 写入Bin文件超时-1！ 
16.26.57	警告	设备1 程序下载失败 
16.27.04	正常	设备1 继续下载失败的bin文件！ 
16.27.18	正常	设备1 程序下载成功 
16.34.52	正常	设备1 CRC = 0x53fdd492
16.35.06	正常	设备1 程序下载成功 
16.39.12	正常	设备1 CRC = 0xab218f59
16.39.12	错误	设备1 downImage复位失败!!
16.39.12	警告	设备1 程序下载失败 
16.39.20	正常	设备1 继续下载失败的bin文件！ 
16.39.34	正常	设备1 程序下载成功 
16.41.35	正常	设备1 CRC = 0xdd338524
16.41.36	错误	设备1 downImage复位失败!!
16.41.36	警告	设备1 程序下载失败 
16.41.43	正常	设备1 继续下载失败的bin文件！ 
16.41.56	正常	设备1 程序下载成功 
16.46.20	正常	设备1 CRC = 0x6cf3eeaf
16.46.33	正常	设备1 程序下载成功 
16.52.26	正常	设备1 CRC = 0xb5615eb2
16.52.38	正常	设备1 程序下载成功 
16.56.55	正常	设备1 CRC = 0x60bbecce
16.57.08	正常	设备1 程序下载成功 
17.06.35	正常	设备1 CRC = 0x2b6f4a62
17.06.48	正常	设备1 程序下载成功 
17.27.48	正常	设备1 CRC = 0xdb69c1d1
17.28.01	正常	设备1 程序下载成功 
