16.32.29	正常	设备1 CRC = 0x47d5cb3a
16.32.29	错误	设备1 downImage复位失败!!
16.32.29	警告	设备1 程序下载失败 
16.32.39	正常	设备1 继续下载失败的bin文件！ 
16.32.40	错误	设备1 downImage复位失败!!
16.32.40	警告	设备1 程序下载失败 
16.34.08	正常	设备1 继续下载失败的bin文件！ 
16.34.09	错误	设备1 downImage复位失败!!
16.34.09	警告	设备1 程序下载失败 
16.34.25	正常	设备1 继续下载失败的bin文件！ 
16.34.25	错误	设备1 downImage复位失败!!
16.34.25	警告	设备1 程序下载失败 
16.34.27	正常	设备1 继续下载失败的bin文件！ 
16.34.27	错误	设备1 downImage复位失败!!
16.34.27	警告	设备1 程序下载失败 
16.35.18	正常	设备1 继续下载失败的bin文件！ 
16.35.18	错误	设备1 downImage复位失败!!
16.35.18	警告	设备1 程序下载失败 
16.35.21	正常	设备1 继续下载失败的bin文件！ 
16.35.22	错误	设备1 downImage复位失败!!
16.35.22	警告	设备1 程序下载失败 
16.35.30	正常	设备1 继续下载失败的bin文件！ 
16.35.31	错误	设备1 downImage复位失败!!
16.35.31	警告	设备1 程序下载失败 
16.35.32	正常	设备1 继续下载失败的bin文件！ 
16.35.32	错误	设备1 downImage复位失败!!
16.35.32	警告	设备1 程序下载失败 
16.35.49	正常	设备1 CRC = 0x47d5cb3a
16.35.50	错误	设备1 downImage复位失败!!
16.35.50	警告	设备1 程序下载失败 
16.36.05	正常	设备1 继续下载失败的bin文件！ 
16.36.05	错误	设备1 downImage复位失败!!
16.36.05	警告	设备1 程序下载失败 
16.36.47	正常	设备1 继续下载失败的bin文件！ 
16.36.47	错误	设备1 downImage复位失败!!
16.36.47	警告	设备1 程序下载失败 
16.36.56	正常	设备1 继续下载失败的bin文件！ 
16.36.56	错误	设备1 downImage复位失败!!
16.36.56	警告	设备1 程序下载失败 
16.38.41	正常	设备1 继续下载失败的bin文件！ 
16.38.41	错误	设备1 downImage复位失败!!
16.38.41	警告	设备1 程序下载失败 
16.38.43	正常	设备1 继续下载失败的bin文件！ 
16.38.44	错误	设备1 downImage复位失败!!
16.38.44	警告	设备1 程序下载失败 
16.39.18	正常	设备1 继续下载失败的bin文件！ 
16.39.18	错误	设备1 downImage复位失败!!
16.39.18	警告	设备1 程序下载失败 
16.41.03	正常	设备1 继续下载失败的bin文件！ 
16.41.13	错误	设备1 downImage复位失败!!
16.41.13	警告	设备1 程序下载失败 
16.41.15	错误	设备1 Vpp关闭操作超时！
16.41.22	正常	设备1 继续下载失败的bin文件！ 
16.41.22	错误	设备1 downImage复位失败!!
16.41.22	警告	设备1 程序下载失败 
16.41.28	正常	设备1 继续下载失败的bin文件！ 
16.41.28	错误	设备1 downImage复位失败!!
16.41.29	警告	设备1 程序下载失败 
16.41.35	正常	设备1 继续下载失败的bin文件！ 
16.41.35	错误	设备1 downImage复位失败!!
16.41.35	警告	设备1 程序下载失败 
16.41.44	正常	设备1 继续下载失败的bin文件！ 
16.41.44	错误	设备1 downImage复位失败!!
16.41.44	警告	设备1 程序下载失败 
16.43.31	正常	设备1 CRC = 0x5b3fdbf5
16.43.31	错误	设备1 downImage复位失败!!
16.43.31	警告	设备1 程序下载失败 
16.43.33	正常	设备1 继续下载失败的bin文件！ 
16.43.34	错误	设备1 downImage复位失败!!
16.43.34	警告	设备1 程序下载失败 
16.45.54	正常	设备1 继续下载失败的bin文件！ 
16.45.54	错误	设备1 downImage复位失败!!
16.45.54	警告	设备1 程序下载失败 
16.46.00	正常	设备1 继续下载失败的bin文件！ 
16.46.00	错误	设备1 downImage复位失败!!
16.46.00	警告	设备1 程序下载失败 
16.46.04	正常	设备1 继续下载失败的bin文件！ 
16.46.04	错误	设备1 downImage复位失败!!
16.46.04	警告	设备1 程序下载失败 
16.46.14	正常	设备1 继续下载失败的bin文件！ 
16.46.14	错误	设备1 downImage复位失败!!
16.46.14	警告	设备1 程序下载失败 
16.46.20	正常	设备1 继续下载失败的bin文件！ 
16.46.20	错误	设备1 downImage复位失败!!
16.46.20	警告	设备1 程序下载失败 
16.47.37	正常	设备1 继续下载失败的bin文件！ 
16.47.38	错误	设备1 downImage复位失败!!
16.47.38	警告	设备1 程序下载失败 
16.47.40	正常	设备1 继续下载失败的bin文件！ 
16.47.40	错误	设备1 downImage复位失败!!
16.47.40	警告	设备1 程序下载失败 
16.47.41	正常	设备1 继续下载失败的bin文件！ 
16.47.41	错误	设备1 downImage复位失败!!
16.47.42	警告	设备1 程序下载失败 
16.47.43	正常	设备1 继续下载失败的bin文件！ 
16.47.43	错误	设备1 downImage复位失败!!
16.47.43	警告	设备1 程序下载失败 
16.47.45	正常	设备1 继续下载失败的bin文件！ 
16.47.45	错误	设备1 downImage复位失败!!
16.47.45	警告	设备1 程序下载失败 
16.47.46	正常	设备1 继续下载失败的bin文件！ 
16.47.46	错误	设备1 downImage复位失败!!
16.47.46	警告	设备1 程序下载失败 
16.48.37	正常	设备1 继续下载失败的bin文件！ 
16.48.37	错误	设备1 downImage复位失败!!
16.48.37	警告	设备1 程序下载失败 
16.50.59	正常	设备1 继续下载失败的bin文件！ 
16.50.59	错误	设备1 downImage复位失败!!
16.50.59	警告	设备1 程序下载失败 
16.51.00	正常	设备1 继续下载失败的bin文件！ 
16.51.01	错误	设备1 downImage复位失败!!
16.51.01	警告	设备1 程序下载失败 
16.51.02	正常	设备1 继续下载失败的bin文件！ 
16.51.02	错误	设备1 downImage复位失败!!
16.51.02	警告	设备1 程序下载失败 
16.51.15	正常	设备1 继续下载失败的bin文件！ 
16.51.16	错误	设备1 downImage复位失败!!
16.51.16	警告	设备1 程序下载失败 
16.51.18	正常	设备1 继续下载失败的bin文件！ 
16.51.18	错误	设备1 downImage复位失败!!
16.51.18	警告	设备1 程序下载失败 
16.51.20	正常	设备1 继续下载失败的bin文件！ 
16.51.20	错误	设备1 downImage复位失败!!
16.51.20	警告	设备1 程序下载失败 
16.52.11	正常	设备1 继续下载失败的bin文件！ 
16.52.11	错误	设备1 downImage复位失败!!
16.52.11	警告	设备1 程序下载失败 
16.52.15	正常	设备1 继续下载失败的bin文件！ 
16.52.15	错误	设备1 downImage复位失败!!
16.52.15	警告	设备1 程序下载失败 
16.52.17	正常	设备1 继续下载失败的bin文件！ 
16.52.18	错误	设备1 downImage复位失败!!
16.52.18	警告	设备1 程序下载失败 
