18.17.46	正常	设备1 CRC = 0x61f058be
18.17.46	错误	设备1 downImage复位失败!!
18.17.46	警告	设备1 程序下载失败 
18.18.01	正常	设备1 继续下载失败的bin文件！ 
18.18.01	错误	设备1 Vpp打开失败(!=0xee)！
18.20.52	正常	设备1 CRC = 0x61f058be
18.20.52	错误	设备1 downImage复位失败!!
18.20.52	警告	设备1 程序下载失败 
18.21.01	正常	设备1 继续下载失败的bin文件！ 
18.21.01	错误	设备1 downImage复位失败!!
18.21.01	警告	设备1 程序下载失败 
18.21.04	正常	设备1 继续下载失败的bin文件！ 
18.21.04	错误	设备1 downImage复位失败!!
18.21.04	警告	设备1 程序下载失败 
21.06.21	正常	设备1 继续下载失败的bin文件！ 
21.06.22	错误	设备1 downImage复位失败!!
21.06.22	警告	设备1 程序下载失败 
21.06.43	错误	设备1 所给偏移超出芯片限制1！
21.07.01	正常	设备1 继续下载失败的bin文件！ 
21.07.01	错误	设备1 downImage复位失败!!
21.07.01	警告	设备1 程序下载失败 
