


ARM Macro Assembler    Page 1 


    1 00000000         ;/**
    2 00000000         ;*******************************************************
                       *********************************
    3 00000000         ;*
    4 00000000         ;* @file boot_vectors.s
    5 00000000         ;*
    6 00000000         ;* @brief ARM Exception Vectors table.
    7 00000000         ;*
    8 00000000         ;* Copyright (C) RivieraWaves 2009-2015
    9 00000000         ;*
   10 00000000         ;* $Rev:  $
   11 00000000         ;*
   12 00000000         ;*******************************************************
                       *********************************
   13 00000000         ;*/
   14 00000000         
   15 00000000         
   16 00000000         
   17 00000000                 EXPORT           vectors
   18 00000000         
   19 00000000                 IMPORT           sys_Reset
   20 00000000         
   21 00000000                 IMPORT           Undefined_Exception
   22 00000000                 IMPORT           SoftwareInterrupt_Exception
   23 00000000         
   24 00000000                 IMPORT           Reserved_Exception
   25 00000000                 IMPORT           PrefetchAbort_Exception
   26 00000000                 IMPORT           DataAbort_Exception
   27 00000000                 IMPORT           Irq_Exception
   28 00000000         
   29 00000000                 PRESERVE8
   30 00000000         
   31 00000000                 CODE32
   32 00000000                 AREA             SYS_BOOT, CODE, READONLY
   33 00000000                 ENTRY
   34 00000000         
   35 00000000         vectors
   36 00000000         ; reset handler
   37 00000000 E59FF018        LDR              PC,       boot_reset
   38 00000004         ; undefined handler
   39 00000004 E59FF018        LDR              PC,       boot_undefined
   40 00000008         ; SWI handler
   41 00000008 E59FF018        LDR              PC,    boot_swi
   42 0000000C         ; Prefetch error handler
   43 0000000C E59FF018        LDR              PC,       boot_pabort
   44 00000010         ; abort handler
   45 00000010 E59FF018        LDR              PC,       boot_dabort
   46 00000014         ; reserved vector
   47 00000014 E59FF018        LDR              PC,    boot_reserved
   48 00000018         ; irq
   49 00000018 E59FF018        LDR              PC,       intc_irq
   50 0000001C         ; fiq
   51 0000001C E59FF018        LDR              PC,       intc_fiq
   52 00000020         
   53 00000020         
   54 00000020         
   55 00000020 00000000 
                       boot_reset
                               DCD              sys_Reset



ARM Macro Assembler    Page 2 


   56 00000024 00000000 
                       boot_undefined
                               DCD              Undefined
   57 00000028 00000000 
                       boot_swi
                               DCD              SoftwareInterrupt
   58 0000002C 00000000 
                       boot_pabort
                               DCD              PrefetchAbort
   59 00000030 00000000 
                       boot_dabort
                               DCD              DataAbort
   60 00000034 00000000 
                       boot_reserved
                               DCD              sys_reserved
   61 00000038 00000000 
                       intc_irq
                               DCD              IRQ_Handler
   62 0000003C 00000000 
                       intc_fiq
                               DCD              FIQ_Handler
   63 00000040         
   64 00000040 00400000 
                       I_SEL   EQU              0x00400000
   65 00000040 00010700 
                       SYSirq_FIQ_Handler
                               EQU              0x00010700
   66 00000040 00010720 
                       SYSirq_IRQ_Handler
                               EQU              0x00010720
   67 00000040         
   68 00000040         
   69 00000040         
   70 00000040         ;*******************************************************
                       ************************
   71 00000040         ;* Function Name  : UndefinedHandler
   72 00000040         ;* Description    : This function called when undefined 
                       instruction exception
   73 00000040         ;*                  is entered.
   74 00000040         ;* Input          : none
   75 00000040         ;* Output         : none
   76 00000040         ;*******************************************************
                       ************************
   77 00000040         Undefined
   78 00000040 EAFFFFFE        B                Undefined_Exception
   79 00000044         
   80 00000044         ;*******************************************************
                       ************************
   81 00000044         ;* Function Name  : SWIHandler
   82 00000044         ;* Description    : This function called when SWI instru
                       ction executed.
   83 00000044         ;* Input          : none
   84 00000044         ;* Output         : none
   85 00000044         ;*******************************************************
                       ************************
   86 00000044         SoftwareInterrupt
   87 00000044 EAFFFFFE        B                SoftwareInterrupt_Exception
   88 00000048         
   89 00000048         PrefetchAbort



ARM Macro Assembler    Page 3 


   90 00000048 EAFFFFFE        B                PrefetchAbort_Exception
   91 0000004C         
   92 0000004C         ;*******************************************************
                       ************************
   93 0000004C         ;* Function Name  : DataAbortHandler
   94 0000004C         ;* Description    : This function is called when Data Ab
                       ort exception is entered.
   95 0000004C         ;* Input          : none
   96 0000004C         ;* Output         : none
   97 0000004C         ;*******************************************************
                       ************************
   98 0000004C         DataAbort
   99 0000004C EAFFFFFE        B                DataAbort_Exception
  100 00000050         
  101 00000050         ;*******************************************************
                       ************************
  102 00000050         ;* Function Name  : IRQHandler
  103 00000050         ;* Description    : This function called when IRQ except
                       ion is entered.
  104 00000050         ;* Input          : none
  105 00000050         ;* Output         : none
  106 00000050         ;*******************************************************
                       ************************
  107 00000050         IRQ_Handler
  108 00000050 E92D0003        STMFD            SP!,{R0,R1}
  109 00000054 E3A00501        LDR              R0,=I_SEL
  110 00000058 E5901000        LDR              R1,[R0]
  111 0000005C E3510001        CMP              R1,#0X01
  112 00000060 E8BD0003        LDMFD            SP!,{R0,R1}
  113 00000064 0AFFFFFE        BEQ              Irq_Exception
  114 00000068 EAFFFFFE        B                SYSirq_IRQ_Handler
  115 0000006C         
  116 0000006C         ;*******************************************************
                       ************************
  117 0000006C         ;* Function Name  : FIQHandler
  118 0000006C         ;* Description    : This function is called when FIQ exc
                       eption is entered.
  119 0000006C         ;* Input          : none
  120 0000006C         ;* Output         : none
  121 0000006C         ;*******************************************************
                       ************************
  122 0000006C         FIQ_Handler
  123 0000006C         
  124 0000006C EAFFFFFE        B                SYSirq_FIQ_Handler
  125 00000070         
  126 00000070         
  127 00000070         sys_reserved
  128 00000070 EAFFFFFE        B                Reserved_Exception
  129 00000074         
  130 00000074         
  131 00000074         
  132 00000074         
  133 00000074         
  134 00000074         
  135 00000074                 END
Command Line: --debug --xref --diag_suppress=9931 --cpu=ARM9E --apcs=interwork 
--depend=.\obj\bim_vectors.d -o.\obj\bim_vectors.o -I.\src\plf\refip\src\arch\l
l -IC:\Keil_v5\ARM\RV31\INC -IC:\Keil_v5\ARM\CMSIS\Include --predefine="__MICRO
LIB SETA 1" --predefine="__UVISION_VERSION SETA 532" --list=.\lst\bim_vectors.l



ARM Macro Assembler    Page 4 


st app\bim_vectors.s



ARM Macro Assembler    Page 1 Alphabetic symbol ordering
Relocatable symbols

DataAbort 0000004C

Symbol: DataAbort
   Definitions
      At line 98 in file app\bim_vectors.s
   Uses
      At line 59 in file app\bim_vectors.s
Comment: DataAbort used once
FIQ_Handler 0000006C

Symbol: FIQ_Handler
   Definitions
      At line 122 in file app\bim_vectors.s
   Uses
      At line 62 in file app\bim_vectors.s
Comment: FIQ_Handler used once
IRQ_Handler 00000050

Symbol: IRQ_Handler
   Definitions
      At line 107 in file app\bim_vectors.s
   Uses
      At line 61 in file app\bim_vectors.s
Comment: IRQ_Handler used once
PrefetchAbort 00000048

Symbol: PrefetchAbort
   Definitions
      At line 89 in file app\bim_vectors.s
   Uses
      At line 58 in file app\bim_vectors.s
Comment: PrefetchAbort used once
SYS_BOOT 00000000

Symbol: SYS_BOOT
   Definitions
      At line 32 in file app\bim_vectors.s
   Uses
      None
Comment: SYS_BOOT unused
SoftwareInterrupt 00000044

Symbol: SoftwareInterrupt
   Definitions
      At line 86 in file app\bim_vectors.s
   Uses
      At line 57 in file app\bim_vectors.s
Comment: SoftwareInterrupt used once
Undefined 00000040

Symbol: Undefined
   Definitions
      At line 77 in file app\bim_vectors.s
   Uses
      At line 56 in file app\bim_vectors.s
Comment: Undefined used once
boot_dabort 00000030

Symbol: boot_dabort



ARM Macro Assembler    Page 2 Alphabetic symbol ordering
Relocatable symbols

   Definitions
      At line 59 in file app\bim_vectors.s
   Uses
      At line 45 in file app\bim_vectors.s
Comment: boot_dabort used once
boot_pabort 0000002C

Symbol: boot_pabort
   Definitions
      At line 58 in file app\bim_vectors.s
   Uses
      At line 43 in file app\bim_vectors.s
Comment: boot_pabort used once
boot_reserved 00000034

Symbol: boot_reserved
   Definitions
      At line 60 in file app\bim_vectors.s
   Uses
      At line 47 in file app\bim_vectors.s
Comment: boot_reserved used once
boot_reset 00000020

Symbol: boot_reset
   Definitions
      At line 55 in file app\bim_vectors.s
   Uses
      At line 37 in file app\bim_vectors.s
Comment: boot_reset used once
boot_swi 00000028

Symbol: boot_swi
   Definitions
      At line 57 in file app\bim_vectors.s
   Uses
      At line 41 in file app\bim_vectors.s
Comment: boot_swi used once
boot_undefined 00000024

Symbol: boot_undefined
   Definitions
      At line 56 in file app\bim_vectors.s
   Uses
      At line 39 in file app\bim_vectors.s
Comment: boot_undefined used once
intc_fiq 0000003C

Symbol: intc_fiq
   Definitions
      At line 62 in file app\bim_vectors.s
   Uses
      At line 51 in file app\bim_vectors.s
Comment: intc_fiq used once
intc_irq 00000038

Symbol: intc_irq
   Definitions
      At line 61 in file app\bim_vectors.s
   Uses



ARM Macro Assembler    Page 3 Alphabetic symbol ordering
Relocatable symbols

      At line 49 in file app\bim_vectors.s
Comment: intc_irq used once
sys_reserved 00000070

Symbol: sys_reserved
   Definitions
      At line 127 in file app\bim_vectors.s
   Uses
      At line 60 in file app\bim_vectors.s
Comment: sys_reserved used once
vectors 00000000

Symbol: vectors
   Definitions
      At line 35 in file app\bim_vectors.s
   Uses
      At line 17 in file app\bim_vectors.s
Comment: vectors used once
17 symbols



ARM Macro Assembler    Page 1 Alphabetic symbol ordering
Absolute symbols

I_SEL 00400000

Symbol: I_SEL
   Definitions
      At line 64 in file app\bim_vectors.s
   Uses
      At line 109 in file app\bim_vectors.s
Comment: I_SEL used once
SYSirq_FIQ_Handler 00010700

Symbol: SYSirq_FIQ_Handler
   Definitions
      At line 65 in file app\bim_vectors.s
   Uses
      At line 124 in file app\bim_vectors.s
Comment: SYSirq_FIQ_Handler used once
SYSirq_IRQ_Handler 00010720

Symbol: SYSirq_IRQ_Handler
   Definitions
      At line 66 in file app\bim_vectors.s
   Uses
      At line 114 in file app\bim_vectors.s
Comment: SYSirq_IRQ_Handler used once
3 symbols



ARM Macro Assembler    Page 1 Alphabetic symbol ordering
External symbols

DataAbort_Exception 00000000

Symbol: DataAbort_Exception
   Definitions
      At line 26 in file app\bim_vectors.s
   Uses
      At line 99 in file app\bim_vectors.s
Comment: DataAbort_Exception used once
Irq_Exception 00000000

Symbol: Irq_Exception
   Definitions
      At line 27 in file app\bim_vectors.s
   Uses
      At line 113 in file app\bim_vectors.s
Comment: Irq_Exception used once
PrefetchAbort_Exception 00000000

Symbol: PrefetchAbort_Exception
   Definitions
      At line 25 in file app\bim_vectors.s
   Uses
      At line 90 in file app\bim_vectors.s
Comment: PrefetchAbort_Exception used once
Reserved_Exception 00000000

Symbol: Reserved_Exception
   Definitions
      At line 24 in file app\bim_vectors.s
   Uses
      At line 128 in file app\bim_vectors.s
Comment: Reserved_Exception used once
SoftwareInterrupt_Exception 00000000

Symbol: SoftwareInterrupt_Exception
   Definitions
      At line 22 in file app\bim_vectors.s
   Uses
      At line 87 in file app\bim_vectors.s
Comment: SoftwareInterrupt_Exception used once
Undefined_Exception 00000000

Symbol: Undefined_Exception
   Definitions
      At line 21 in file app\bim_vectors.s
   Uses
      At line 78 in file app\bim_vectors.s
Comment: Undefined_Exception used once
sys_Reset 00000000

Symbol: sys_Reset
   Definitions
      At line 19 in file app\bim_vectors.s
   Uses
      At line 55 in file app\bim_vectors.s
Comment: sys_Reset used once
7 symbols
359 symbols in table
